2024-05-13 20:47:43,214 [Worker-6: Loading available Gradle versions] INFO  o.e.b.c.i.u.g.PublishedGradleVersions - Gradle version information cache is up-to-date. Trying to read.
2024-05-13 20:48:24,808 [Worker-1: Importing Maven projects] INFO  o.e.m.c.i.l.LifecycleMappingFactory - Using org.eclipse.m2e.jdt.JarLifecycleMapping lifecycle mapping for MavenProject: com.example:Eureka-server:0.0.1-SNAPSHOT @ /Users/newuser/Desktop/capstone-vsc/backend-food-app/Eureka-server/pom.xml.
2024-05-13 20:48:32,104 [Worker-1: Importing Maven projects] INFO  o.e.m.j.i.AbstractJavaProjectConfigurator - Adding source folder /Eureka-server/src/main/java
2024-05-13 20:48:32,107 [Worker-1: Importing Maven projects] INFO  o.e.m.j.i.AbstractJavaProjectConfigurator - Adding resource folder /Eureka-server/src/main/resources
2024-05-13 20:48:32,108 [Worker-1: Importing Maven projects] INFO  o.e.m.j.i.AbstractJavaProjectConfigurator - Adding resource folder /Eureka-server/src/main/resources
2024-05-13 20:48:32,110 [Worker-1: Importing Maven projects] INFO  o.e.m.j.i.AbstractJavaProjectConfigurator - Adding source folder /Eureka-server/src/test/java
2024-05-13 20:48:32,112 [Worker-1: Importing Maven projects] INFO  o.e.m.j.i.AbstractJavaProjectConfigurator - Adding resource folder /Eureka-server/src/test/resources
2024-05-13 20:48:33,167 [Worker-1: Importing Maven projects] INFO  o.e.m.c.i.p.ProjectConfigurationManager - Imported and configured 1 project(s) in 13 sec
2024-05-13 20:48:34,188 [Worker-2: Updating Maven Project] INFO  o.e.m.c.i.p.ProjectConfigurationManager - Update started
2024-05-13 20:48:37,529 [Worker-2: Updating Maven Project] INFO  o.e.m.c.i.l.LifecycleMappingFactory - Using org.eclipse.m2e.jdt.JarLifecycleMapping lifecycle mapping for MavenProject: com.example:Eureka-server:0.0.1-SNAPSHOT @ /Users/newuser/Desktop/capstone-vsc/backend-food-app/Eureka-server/pom.xml.
2024-05-13 20:48:44,366 [Worker-2: Updating Maven Project] INFO  o.e.m.j.i.AbstractJavaProjectConfigurator - Adding source folder /Eureka-server/src/main/java
2024-05-13 20:48:44,366 [Worker-2: Updating Maven Project] INFO  o.e.m.j.i.AbstractJavaProjectConfigurator - Adding resource folder /Eureka-server/src/main/resources
2024-05-13 20:48:44,367 [Worker-2: Updating Maven Project] INFO  o.e.m.j.i.AbstractJavaProjectConfigurator - Adding resource folder /Eureka-server/src/main/resources
2024-05-13 20:48:44,369 [Worker-2: Updating Maven Project] INFO  o.e.m.j.i.AbstractJavaProjectConfigurator - Adding source folder /Eureka-server/src/test/java
2024-05-13 20:48:44,369 [Worker-2: Updating Maven Project] INFO  o.e.m.j.i.AbstractJavaProjectConfigurator - Adding resource folder /Eureka-server/src/test/resources
2024-05-13 20:48:49,062 [Worker-2: Updating Maven Project] INFO  o.e.m.c.i.p.ProjectConfigurationManager - Update completed for 1 poms: local refresh takes 0.00 sec, refresh facades takes 9.00 sec, update config takes 1.00 sec 
2024-05-13 20:48:53,093 [Worker-5: Importing Maven projects] INFO  o.e.m.c.i.l.LifecycleMappingFactory - Using org.eclipse.m2e.jdt.JarLifecycleMapping lifecycle mapping for MavenProject: com.example:backend-micro-service-food-app:0.0.1-SNAPSHOT @ /Users/newuser/Desktop/capstone-vsc/backend-food-app/backend-micro-service-food-app/pom.xml.
2024-05-13 20:48:58,269 [Worker-5: Importing Maven projects] INFO  o.e.m.j.i.AbstractJavaProjectConfigurator - Adding source folder /backend-micro-service-food-app/src/main/java
2024-05-13 20:48:58,270 [Worker-5: Importing Maven projects] INFO  o.e.m.j.i.AbstractJavaProjectConfigurator - Adding resource folder /backend-micro-service-food-app/src/main/resources
2024-05-13 20:48:58,271 [Worker-5: Importing Maven projects] INFO  o.e.m.j.i.AbstractJavaProjectConfigurator - Adding resource folder /backend-micro-service-food-app/src/main/resources
2024-05-13 20:48:58,272 [Worker-5: Importing Maven projects] INFO  o.e.m.j.i.AbstractJavaProjectConfigurator - Adding source folder /backend-micro-service-food-app/src/test/java
2024-05-13 20:48:58,272 [Worker-5: Importing Maven projects] INFO  o.e.m.j.i.AbstractJavaProjectConfigurator - Adding resource folder /backend-micro-service-food-app/src/test/resources
2024-05-13 20:48:59,844 [Worker-5: Importing Maven projects] INFO  o.e.m.c.i.p.ProjectConfigurationManager - Imported and configured 1 project(s) in 10 sec
2024-05-13 20:49:02,087 [Worker-10: Building] INFO  o.a.m.s.f.DefaultMavenResourcesFiltering - Copying 1 resource from src/main/resources to target/classes
2024-05-13 20:49:02,160 [Worker-10: Building] INFO  o.a.m.s.f.DefaultMavenResourcesFiltering - Copying 0 resource from src/main/resources to target/classes
2024-05-13 20:49:02,184 [Worker-10: Building] INFO  o.a.m.s.f.DefaultMavenResourcesFiltering - skip non existing resourceDirectory /Users/newuser/Desktop/capstone-vsc/backend-food-app/Eureka-server/src/test/resources
2024-05-13 20:49:06,170 [Worker-15: Building] INFO  o.a.m.s.f.DefaultMavenResourcesFiltering - Copying 1 resource from src/main/resources to target/classes
2024-05-13 20:49:06,229 [Worker-15: Building] INFO  o.a.m.s.f.DefaultMavenResourcesFiltering - Copying 0 resource from src/main/resources to target/classes
2024-05-13 20:49:06,250 [Worker-15: Building] INFO  o.a.m.s.f.DefaultMavenResourcesFiltering - skip non existing resourceDirectory /Users/newuser/Desktop/capstone-vsc/backend-food-app/backend-micro-service-food-app/src/test/resources
2024-05-13 20:49:19,114 [Worker-0: Launching Executing clean in _Users_newuser_Desktop_capstone-vsc_backend-food-app_Eureka-server] INFO  o.eclipse.m2e.core.internal.Bundles - getClasspathEntries(Bundle=org.eclipse.m2e.maven.runtime_3.9.500.20231113-2345 [1600])
2024-05-13 20:49:19,125 [Worker-0: Launching Executing clean in _Users_newuser_Desktop_capstone-vsc_backend-food-app_Eureka-server] INFO  o.eclipse.m2e.core.internal.Bundles - 	Entry: /Users/newuser/.p2/pool/plugins/org.eclipse.m2e.maven.runtime_3.9.500.20231113-2345
2024-05-13 20:49:19,126 [Worker-0: Launching Executing clean in _Users_newuser_Desktop_capstone-vsc_backend-food-app_Eureka-server] INFO  o.eclipse.m2e.core.internal.Bundles - 	Entry: /Users/newuser/.p2/pool/plugins/org.eclipse.m2e.maven.runtime_3.9.500.20231113-2345/jars/aopalliance-1.0.jar
2024-05-13 20:49:19,127 [Worker-0: Launching Executing clean in _Users_newuser_Desktop_capstone-vsc_backend-food-app_Eureka-server] INFO  o.eclipse.m2e.core.internal.Bundles - 	Entry: /Users/newuser/.p2/pool/plugins/org.eclipse.m2e.maven.runtime_3.9.500.20231113-2345/jars/guice-5.1.0.jar
2024-05-13 20:49:19,127 [Worker-0: Launching Executing clean in _Users_newuser_Desktop_capstone-vsc_backend-food-app_Eureka-server] INFO  o.eclipse.m2e.core.internal.Bundles - 	Entry: /Users/newuser/.p2/pool/plugins/org.eclipse.m2e.maven.runtime_3.9.500.20231113-2345/jars/httpclient-4.5.14.jar
2024-05-13 20:49:19,127 [Worker-0: Launching Executing clean in _Users_newuser_Desktop_capstone-vsc_backend-food-app_Eureka-server] INFO  o.eclipse.m2e.core.internal.Bundles - 	Entry: /Users/newuser/.p2/pool/plugins/org.eclipse.m2e.maven.runtime_3.9.500.20231113-2345/jars/httpcore-4.4.16.jar
2024-05-13 20:49:19,127 [Worker-0: Launching Executing clean in _Users_newuser_Desktop_capstone-vsc_backend-food-app_Eureka-server] INFO  o.eclipse.m2e.core.internal.Bundles - 	Entry: /Users/newuser/.p2/pool/plugins/org.eclipse.m2e.maven.runtime_3.9.500.20231113-2345/jars/jansi-2.4.0.jar
2024-05-13 20:49:19,128 [Worker-0: Launching Executing clean in _Users_newuser_Desktop_capstone-vsc_backend-food-app_Eureka-server] INFO  o.eclipse.m2e.core.internal.Bundles - 	Entry: /Users/newuser/.p2/pool/plugins/org.eclipse.m2e.maven.runtime_3.9.500.20231113-2345/jars/jcl-over-slf4j-1.7.36.jar
2024-05-13 20:49:19,128 [Worker-0: Launching Executing clean in _Users_newuser_Desktop_capstone-vsc_backend-food-app_Eureka-server] INFO  o.eclipse.m2e.core.internal.Bundles - 	Entry: /Users/newuser/.p2/pool/plugins/org.eclipse.m2e.maven.runtime_3.9.500.20231113-2345/jars/maven-artifact-3.9.5.jar
2024-05-13 20:49:19,128 [Worker-0: Launching Executing clean in _Users_newuser_Desktop_capstone-vsc_backend-food-app_Eureka-server] INFO  o.eclipse.m2e.core.internal.Bundles - 	Entry: /Users/newuser/.p2/pool/plugins/org.eclipse.m2e.maven.runtime_3.9.500.20231113-2345/jars/maven-builder-support-3.9.5.jar
2024-05-13 20:49:19,129 [Worker-0: Launching Executing clean in _Users_newuser_Desktop_capstone-vsc_backend-food-app_Eureka-server] INFO  o.eclipse.m2e.core.internal.Bundles - 	Entry: /Users/newuser/.p2/pool/plugins/org.eclipse.m2e.maven.runtime_3.9.500.20231113-2345/jars/maven-compat-3.9.5.jar
2024-05-13 20:49:19,129 [Worker-0: Launching Executing clean in _Users_newuser_Desktop_capstone-vsc_backend-food-app_Eureka-server] INFO  o.eclipse.m2e.core.internal.Bundles - 	Entry: /Users/newuser/.p2/pool/plugins/org.eclipse.m2e.maven.runtime_3.9.500.20231113-2345/jars/maven-core-3.9.5.jar
2024-05-13 20:49:19,129 [Worker-0: Launching Executing clean in _Users_newuser_Desktop_capstone-vsc_backend-food-app_Eureka-server] INFO  o.eclipse.m2e.core.internal.Bundles - 	Entry: /Users/newuser/.p2/pool/plugins/org.eclipse.m2e.maven.runtime_3.9.500.20231113-2345/jars/maven-embedder-3.9.5.jar
2024-05-13 20:49:19,129 [Worker-0: Launching Executing clean in _Users_newuser_Desktop_capstone-vsc_backend-food-app_Eureka-server] INFO  o.eclipse.m2e.core.internal.Bundles - 	Entry: /Users/newuser/.p2/pool/plugins/org.eclipse.m2e.maven.runtime_3.9.500.20231113-2345/jars/maven-model-3.9.5.jar
2024-05-13 20:49:19,129 [Worker-0: Launching Executing clean in _Users_newuser_Desktop_capstone-vsc_backend-food-app_Eureka-server] INFO  o.eclipse.m2e.core.internal.Bundles - 	Entry: /Users/newuser/.p2/pool/plugins/org.eclipse.m2e.maven.runtime_3.9.500.20231113-2345/jars/maven-model-builder-3.9.5.jar
2024-05-13 20:49:19,130 [Worker-0: Launching Executing clean in _Users_newuser_Desktop_capstone-vsc_backend-food-app_Eureka-server] INFO  o.eclipse.m2e.core.internal.Bundles - 	Entry: /Users/newuser/.p2/pool/plugins/org.eclipse.m2e.maven.runtime_3.9.500.20231113-2345/jars/maven-plugin-api-3.9.5.jar
2024-05-13 20:49:19,130 [Worker-0: Launching Executing clean in _Users_newuser_Desktop_capstone-vsc_backend-food-app_Eureka-server] INFO  o.eclipse.m2e.core.internal.Bundles - 	Entry: /Users/newuser/.p2/pool/plugins/org.eclipse.m2e.maven.runtime_3.9.500.20231113-2345/jars/maven-repository-metadata-3.9.5.jar
2024-05-13 20:49:19,130 [Worker-0: Launching Executing clean in _Users_newuser_Desktop_capstone-vsc_backend-food-app_Eureka-server] INFO  o.eclipse.m2e.core.internal.Bundles - 	Entry: /Users/newuser/.p2/pool/plugins/org.eclipse.m2e.maven.runtime_3.9.500.20231113-2345/jars/maven-resolver-api-1.9.16.jar
2024-05-13 20:49:19,130 [Worker-0: Launching Executing clean in _Users_newuser_Desktop_capstone-vsc_backend-food-app_Eureka-server] INFO  o.eclipse.m2e.core.internal.Bundles - 	Entry: /Users/newuser/.p2/pool/plugins/org.eclipse.m2e.maven.runtime_3.9.500.20231113-2345/jars/maven-resolver-connector-basic-1.9.16.jar
2024-05-13 20:49:19,131 [Worker-0: Launching Executing clean in _Users_newuser_Desktop_capstone-vsc_backend-food-app_Eureka-server] INFO  o.eclipse.m2e.core.internal.Bundles - 	Entry: /Users/newuser/.p2/pool/plugins/org.eclipse.m2e.maven.runtime_3.9.500.20231113-2345/jars/maven-resolver-impl-1.9.16.jar
2024-05-13 20:49:19,131 [Worker-0: Launching Executing clean in _Users_newuser_Desktop_capstone-vsc_backend-food-app_Eureka-server] INFO  o.eclipse.m2e.core.internal.Bundles - 	Entry: /Users/newuser/.p2/pool/plugins/org.eclipse.m2e.maven.runtime_3.9.500.20231113-2345/jars/maven-resolver-named-locks-1.9.16.jar
2024-05-13 20:49:19,131 [Worker-0: Launching Executing clean in _Users_newuser_Desktop_capstone-vsc_backend-food-app_Eureka-server] INFO  o.eclipse.m2e.core.internal.Bundles - 	Entry: /Users/newuser/.p2/pool/plugins/org.eclipse.m2e.maven.runtime_3.9.500.20231113-2345/jars/maven-resolver-provider-3.9.5.jar
2024-05-13 20:49:19,132 [Worker-0: Launching Executing clean in _Users_newuser_Desktop_capstone-vsc_backend-food-app_Eureka-server] INFO  o.eclipse.m2e.core.internal.Bundles - 	Entry: /Users/newuser/.p2/pool/plugins/org.eclipse.m2e.maven.runtime_3.9.500.20231113-2345/jars/maven-resolver-spi-1.9.16.jar
2024-05-13 20:49:19,132 [Worker-0: Launching Executing clean in _Users_newuser_Desktop_capstone-vsc_backend-food-app_Eureka-server] INFO  o.eclipse.m2e.core.internal.Bundles - 	Entry: /Users/newuser/.p2/pool/plugins/org.eclipse.m2e.maven.runtime_3.9.500.20231113-2345/jars/maven-resolver-transport-file-1.9.16.jar
2024-05-13 20:49:19,133 [Worker-0: Launching Executing clean in _Users_newuser_Desktop_capstone-vsc_backend-food-app_Eureka-server] INFO  o.eclipse.m2e.core.internal.Bundles - 	Entry: /Users/newuser/.p2/pool/plugins/org.eclipse.m2e.maven.runtime_3.9.500.20231113-2345/jars/maven-resolver-transport-http-1.9.16.jar
2024-05-13 20:49:19,134 [Worker-0: Launching Executing clean in _Users_newuser_Desktop_capstone-vsc_backend-food-app_Eureka-server] INFO  o.eclipse.m2e.core.internal.Bundles - 	Entry: /Users/newuser/.p2/pool/plugins/org.eclipse.m2e.maven.runtime_3.9.500.20231113-2345/jars/maven-resolver-transport-wagon-1.9.16.jar
2024-05-13 20:49:19,135 [Worker-0: Launching Executing clean in _Users_newuser_Desktop_capstone-vsc_backend-food-app_Eureka-server] INFO  o.eclipse.m2e.core.internal.Bundles - 	Entry: /Users/newuser/.p2/pool/plugins/org.eclipse.m2e.maven.runtime_3.9.500.20231113-2345/jars/maven-resolver-util-1.9.16.jar
2024-05-13 20:49:19,136 [Worker-0: Launching Executing clean in _Users_newuser_Desktop_capstone-vsc_backend-food-app_Eureka-server] INFO  o.eclipse.m2e.core.internal.Bundles - 	Entry: /Users/newuser/.p2/pool/plugins/org.eclipse.m2e.maven.runtime_3.9.500.20231113-2345/jars/maven-settings-3.9.5.jar
2024-05-13 20:49:19,136 [Worker-0: Launching Executing clean in _Users_newuser_Desktop_capstone-vsc_backend-food-app_Eureka-server] INFO  o.eclipse.m2e.core.internal.Bundles - 	Entry: /Users/newuser/.p2/pool/plugins/org.eclipse.m2e.maven.runtime_3.9.500.20231113-2345/jars/maven-settings-builder-3.9.5.jar
2024-05-13 20:49:19,137 [Worker-0: Launching Executing clean in _Users_newuser_Desktop_capstone-vsc_backend-food-app_Eureka-server] INFO  o.eclipse.m2e.core.internal.Bundles - 	Entry: /Users/newuser/.p2/pool/plugins/org.eclipse.m2e.maven.runtime_3.9.500.20231113-2345/jars/maven-shared-utils-3.3.4.jar
2024-05-13 20:49:19,137 [Worker-0: Launching Executing clean in _Users_newuser_Desktop_capstone-vsc_backend-food-app_Eureka-server] INFO  o.eclipse.m2e.core.internal.Bundles - 	Entry: /Users/newuser/.p2/pool/plugins/org.eclipse.m2e.maven.runtime_3.9.500.20231113-2345/jars/org.eclipse.sisu.inject-0.3.5.jar
2024-05-13 20:49:19,137 [Worker-0: Launching Executing clean in _Users_newuser_Desktop_capstone-vsc_backend-food-app_Eureka-server] INFO  o.eclipse.m2e.core.internal.Bundles - 	Entry: /Users/newuser/.p2/pool/plugins/org.eclipse.m2e.maven.runtime_3.9.500.20231113-2345/jars/org.eclipse.sisu.plexus-0.3.5.jar
2024-05-13 20:49:19,137 [Worker-0: Launching Executing clean in _Users_newuser_Desktop_capstone-vsc_backend-food-app_Eureka-server] INFO  o.eclipse.m2e.core.internal.Bundles - 	Entry: /Users/newuser/.p2/pool/plugins/org.eclipse.m2e.maven.runtime_3.9.500.20231113-2345/jars/plexus-build-api-0.0.7.jar
2024-05-13 20:49:19,138 [Worker-0: Launching Executing clean in _Users_newuser_Desktop_capstone-vsc_backend-food-app_Eureka-server] INFO  o.eclipse.m2e.core.internal.Bundles - 	Entry: /Users/newuser/.p2/pool/plugins/org.eclipse.m2e.maven.runtime_3.9.500.20231113-2345/jars/plexus-cipher-2.0.jar
2024-05-13 20:49:19,139 [Worker-0: Launching Executing clean in _Users_newuser_Desktop_capstone-vsc_backend-food-app_Eureka-server] INFO  o.eclipse.m2e.core.internal.Bundles - 	Entry: /Users/newuser/.p2/pool/plugins/org.eclipse.m2e.maven.runtime_3.9.500.20231113-2345/jars/plexus-classworlds-2.7.0.jar
2024-05-13 20:49:19,140 [Worker-0: Launching Executing clean in _Users_newuser_Desktop_capstone-vsc_backend-food-app_Eureka-server] INFO  o.eclipse.m2e.core.internal.Bundles - 	Entry: /Users/newuser/.p2/pool/plugins/org.eclipse.m2e.maven.runtime_3.9.500.20231113-2345/jars/plexus-component-annotations-2.1.0.jar
2024-05-13 20:49:19,141 [Worker-0: Launching Executing clean in _Users_newuser_Desktop_capstone-vsc_backend-food-app_Eureka-server] INFO  o.eclipse.m2e.core.internal.Bundles - 	Entry: /Users/newuser/.p2/pool/plugins/org.eclipse.m2e.maven.runtime_3.9.500.20231113-2345/jars/plexus-interpolation-1.26.jar
2024-05-13 20:49:19,141 [Worker-0: Launching Executing clean in _Users_newuser_Desktop_capstone-vsc_backend-food-app_Eureka-server] INFO  o.eclipse.m2e.core.internal.Bundles - 	Entry: /Users/newuser/.p2/pool/plugins/org.eclipse.m2e.maven.runtime_3.9.500.20231113-2345/jars/plexus-sec-dispatcher-2.0.jar
2024-05-13 20:49:19,141 [Worker-0: Launching Executing clean in _Users_newuser_Desktop_capstone-vsc_backend-food-app_Eureka-server] INFO  o.eclipse.m2e.core.internal.Bundles - 	Entry: /Users/newuser/.p2/pool/plugins/org.eclipse.m2e.maven.runtime_3.9.500.20231113-2345/jars/plexus-utils-3.5.1.jar
2024-05-13 20:49:19,142 [Worker-0: Launching Executing clean in _Users_newuser_Desktop_capstone-vsc_backend-food-app_Eureka-server] INFO  o.eclipse.m2e.core.internal.Bundles - 	Entry: /Users/newuser/.p2/pool/plugins/org.eclipse.m2e.maven.runtime_3.9.500.20231113-2345/jars/wagon-file-3.5.3.jar
2024-05-13 20:49:19,142 [Worker-0: Launching Executing clean in _Users_newuser_Desktop_capstone-vsc_backend-food-app_Eureka-server] INFO  o.eclipse.m2e.core.internal.Bundles - 	Entry: /Users/newuser/.p2/pool/plugins/org.eclipse.m2e.maven.runtime_3.9.500.20231113-2345/jars/wagon-http-3.5.3.jar
2024-05-13 20:49:19,142 [Worker-0: Launching Executing clean in _Users_newuser_Desktop_capstone-vsc_backend-food-app_Eureka-server] INFO  o.eclipse.m2e.core.internal.Bundles - 	Entry: /Users/newuser/.p2/pool/plugins/org.eclipse.m2e.maven.runtime_3.9.500.20231113-2345/jars/wagon-http-shared-3.5.3.jar
2024-05-13 20:49:19,142 [Worker-0: Launching Executing clean in _Users_newuser_Desktop_capstone-vsc_backend-food-app_Eureka-server] INFO  o.eclipse.m2e.core.internal.Bundles - 	Entry: /Users/newuser/.p2/pool/plugins/org.eclipse.m2e.maven.runtime_3.9.500.20231113-2345/jars/wagon-provider-api-3.5.3.jar
2024-05-13 20:49:19,149 [Worker-0: Launching Executing clean in _Users_newuser_Desktop_capstone-vsc_backend-food-app_Eureka-server] INFO  o.eclipse.m2e.core.internal.Bundles - getClasspathEntries(Bundle=com.google.guava_32.1.3.jre [992])
2024-05-13 20:49:19,149 [Worker-0: Launching Executing clean in _Users_newuser_Desktop_capstone-vsc_backend-food-app_Eureka-server] INFO  o.eclipse.m2e.core.internal.Bundles - 	Entry: /Users/newuser/.p2/pool/plugins/com.google.guava_32.1.3.jre.jar
2024-05-13 20:49:19,150 [Worker-0: Launching Executing clean in _Users_newuser_Desktop_capstone-vsc_backend-food-app_Eureka-server] INFO  o.eclipse.m2e.core.internal.Bundles - getClasspathEntries(Bundle=slf4j.api_2.0.11 [1959])
2024-05-13 20:49:19,150 [Worker-0: Launching Executing clean in _Users_newuser_Desktop_capstone-vsc_backend-food-app_Eureka-server] INFO  o.eclipse.m2e.core.internal.Bundles - 	Entry: /Users/newuser/.p2/pool/plugins/slf4j.api_2.0.11.jar
2024-05-13 20:49:19,150 [Worker-0: Launching Executing clean in _Users_newuser_Desktop_capstone-vsc_backend-food-app_Eureka-server] INFO  o.eclipse.m2e.core.internal.Bundles - getClasspathEntries(Bundle=jakarta.inject.jakarta.inject-api_1.0.5 [1009])
2024-05-13 20:49:19,151 [Worker-0: Launching Executing clean in _Users_newuser_Desktop_capstone-vsc_backend-food-app_Eureka-server] INFO  o.eclipse.m2e.core.internal.Bundles - 	Entry: /Users/newuser/.p2/pool/plugins/jakarta.inject.jakarta.inject-api_1.0.5.jar
2024-05-13 20:49:19,151 [Worker-0: Launching Executing clean in _Users_newuser_Desktop_capstone-vsc_backend-food-app_Eureka-server] INFO  o.eclipse.m2e.core.internal.Bundles - getClasspathEntries(Bundle=jakarta.annotation-api_1.3.5 [1004])
2024-05-13 20:49:19,151 [Worker-0: Launching Executing clean in _Users_newuser_Desktop_capstone-vsc_backend-food-app_Eureka-server] INFO  o.eclipse.m2e.core.internal.Bundles - 	Entry: /Users/newuser/.p2/pool/plugins/jakarta.annotation-api_1.3.5.jar
2024-05-13 20:49:19,151 [Worker-0: Launching Executing clean in _Users_newuser_Desktop_capstone-vsc_backend-food-app_Eureka-server] INFO  o.eclipse.m2e.core.internal.Bundles - getClasspathEntries(Bundle=org.apache.commons.cli_1.6.0 [1051])
2024-05-13 20:49:19,151 [Worker-0: Launching Executing clean in _Users_newuser_Desktop_capstone-vsc_backend-food-app_Eureka-server] INFO  o.eclipse.m2e.core.internal.Bundles - 	Entry: /Users/newuser/.p2/pool/plugins/org.apache.commons.cli_1.6.0.jar
2024-05-13 20:49:19,152 [Worker-0: Launching Executing clean in _Users_newuser_Desktop_capstone-vsc_backend-food-app_Eureka-server] INFO  o.eclipse.m2e.core.internal.Bundles - getClasspathEntries(Bundle=org.apache.commons.commons-codec_1.16.0 [1055])
2024-05-13 20:49:19,152 [Worker-0: Launching Executing clean in _Users_newuser_Desktop_capstone-vsc_backend-food-app_Eureka-server] INFO  o.eclipse.m2e.core.internal.Bundles - 	Entry: /Users/newuser/.p2/pool/plugins/org.apache.commons.commons-codec_1.16.0.jar
2024-05-13 20:49:19,152 [Worker-0: Launching Executing clean in _Users_newuser_Desktop_capstone-vsc_backend-food-app_Eureka-server] INFO  o.eclipse.m2e.core.internal.Bundles - getClasspathEntries(Bundle=org.apache.commons.lang3_3.13.0 [1062])
2024-05-13 20:49:19,152 [Worker-0: Launching Executing clean in _Users_newuser_Desktop_capstone-vsc_backend-food-app_Eureka-server] INFO  o.eclipse.m2e.core.internal.Bundles - 	Entry: /Users/newuser/.p2/pool/plugins/org.apache.commons.lang3_3.13.0.jar
2024-05-13 20:49:19,152 [Worker-0: Launching Executing clean in _Users_newuser_Desktop_capstone-vsc_backend-food-app_Eureka-server] INFO  o.eclipse.m2e.core.internal.Bundles - getClasspathEntries(Bundle=com.google.guava.failureaccess_1.0.2 [993])
2024-05-13 20:49:19,153 [Worker-0: Launching Executing clean in _Users_newuser_Desktop_capstone-vsc_backend-food-app_Eureka-server] INFO  o.eclipse.m2e.core.internal.Bundles - 	Entry: /Users/newuser/.p2/pool/plugins/com.google.guava.failureaccess_1.0.2.jar
2024-05-13 20:49:19,198 [Worker-0: Launching Executing clean in _Users_newuser_Desktop_capstone-vsc_backend-food-app_Eureka-server] INFO  o.e.m.i.launch.MavenLaunchDelegate - Run build in "/Users/newuser/Desktop/capstone-vsc/backend-food-app/Eureka-server":
2024-05-13 20:49:19,213 [Worker-0: Launching Executing clean in _Users_newuser_Desktop_capstone-vsc_backend-food-app_Eureka-server] INFO  o.e.m.i.launch.MavenLaunchDelegate -  mvn  -B -Dstyle.color=always clean
2024-05-13 20:49:49,473 [Worker-8: Launching Executing install in _Users_newuser_Desktop_capstone-vsc_backend-food-app_Eureka-server] INFO  o.eclipse.m2e.core.internal.Bundles - getClasspathEntries(Bundle=org.eclipse.m2e.maven.runtime_3.9.500.20231113-2345 [1600])
2024-05-13 20:49:49,491 [Worker-8: Launching Executing install in _Users_newuser_Desktop_capstone-vsc_backend-food-app_Eureka-server] INFO  o.eclipse.m2e.core.internal.Bundles - 	Entry: /Users/newuser/.p2/pool/plugins/org.eclipse.m2e.maven.runtime_3.9.500.20231113-2345
2024-05-13 20:49:49,492 [Worker-8: Launching Executing install in _Users_newuser_Desktop_capstone-vsc_backend-food-app_Eureka-server] INFO  o.eclipse.m2e.core.internal.Bundles - 	Entry: /Users/newuser/.p2/pool/plugins/org.eclipse.m2e.maven.runtime_3.9.500.20231113-2345/jars/aopalliance-1.0.jar
2024-05-13 20:49:49,493 [Worker-8: Launching Executing install in _Users_newuser_Desktop_capstone-vsc_backend-food-app_Eureka-server] INFO  o.eclipse.m2e.core.internal.Bundles - 	Entry: /Users/newuser/.p2/pool/plugins/org.eclipse.m2e.maven.runtime_3.9.500.20231113-2345/jars/guice-5.1.0.jar
2024-05-13 20:49:49,493 [Worker-8: Launching Executing install in _Users_newuser_Desktop_capstone-vsc_backend-food-app_Eureka-server] INFO  o.eclipse.m2e.core.internal.Bundles - 	Entry: /Users/newuser/.p2/pool/plugins/org.eclipse.m2e.maven.runtime_3.9.500.20231113-2345/jars/httpclient-4.5.14.jar
2024-05-13 20:49:49,493 [Worker-8: Launching Executing install in _Users_newuser_Desktop_capstone-vsc_backend-food-app_Eureka-server] INFO  o.eclipse.m2e.core.internal.Bundles - 	Entry: /Users/newuser/.p2/pool/plugins/org.eclipse.m2e.maven.runtime_3.9.500.20231113-2345/jars/httpcore-4.4.16.jar
2024-05-13 20:49:49,493 [Worker-8: Launching Executing install in _Users_newuser_Desktop_capstone-vsc_backend-food-app_Eureka-server] INFO  o.eclipse.m2e.core.internal.Bundles - 	Entry: /Users/newuser/.p2/pool/plugins/org.eclipse.m2e.maven.runtime_3.9.500.20231113-2345/jars/jansi-2.4.0.jar
2024-05-13 20:49:49,500 [Worker-8: Launching Executing install in _Users_newuser_Desktop_capstone-vsc_backend-food-app_Eureka-server] INFO  o.eclipse.m2e.core.internal.Bundles - 	Entry: /Users/newuser/.p2/pool/plugins/org.eclipse.m2e.maven.runtime_3.9.500.20231113-2345/jars/jcl-over-slf4j-1.7.36.jar
2024-05-13 20:49:49,501 [Worker-8: Launching Executing install in _Users_newuser_Desktop_capstone-vsc_backend-food-app_Eureka-server] INFO  o.eclipse.m2e.core.internal.Bundles - 	Entry: /Users/newuser/.p2/pool/plugins/org.eclipse.m2e.maven.runtime_3.9.500.20231113-2345/jars/maven-artifact-3.9.5.jar
2024-05-13 20:49:49,501 [Worker-8: Launching Executing install in _Users_newuser_Desktop_capstone-vsc_backend-food-app_Eureka-server] INFO  o.eclipse.m2e.core.internal.Bundles - 	Entry: /Users/newuser/.p2/pool/plugins/org.eclipse.m2e.maven.runtime_3.9.500.20231113-2345/jars/maven-builder-support-3.9.5.jar
2024-05-13 20:49:49,502 [Worker-8: Launching Executing install in _Users_newuser_Desktop_capstone-vsc_backend-food-app_Eureka-server] INFO  o.eclipse.m2e.core.internal.Bundles - 	Entry: /Users/newuser/.p2/pool/plugins/org.eclipse.m2e.maven.runtime_3.9.500.20231113-2345/jars/maven-compat-3.9.5.jar
2024-05-13 20:49:49,502 [Worker-8: Launching Executing install in _Users_newuser_Desktop_capstone-vsc_backend-food-app_Eureka-server] INFO  o.eclipse.m2e.core.internal.Bundles - 	Entry: /Users/newuser/.p2/pool/plugins/org.eclipse.m2e.maven.runtime_3.9.500.20231113-2345/jars/maven-core-3.9.5.jar
2024-05-13 20:49:49,502 [Worker-8: Launching Executing install in _Users_newuser_Desktop_capstone-vsc_backend-food-app_Eureka-server] INFO  o.eclipse.m2e.core.internal.Bundles - 	Entry: /Users/newuser/.p2/pool/plugins/org.eclipse.m2e.maven.runtime_3.9.500.20231113-2345/jars/maven-embedder-3.9.5.jar
2024-05-13 20:49:49,502 [Worker-8: Launching Executing install in _Users_newuser_Desktop_capstone-vsc_backend-food-app_Eureka-server] INFO  o.eclipse.m2e.core.internal.Bundles - 	Entry: /Users/newuser/.p2/pool/plugins/org.eclipse.m2e.maven.runtime_3.9.500.20231113-2345/jars/maven-model-3.9.5.jar
2024-05-13 20:49:49,503 [Worker-8: Launching Executing install in _Users_newuser_Desktop_capstone-vsc_backend-food-app_Eureka-server] INFO  o.eclipse.m2e.core.internal.Bundles - 	Entry: /Users/newuser/.p2/pool/plugins/org.eclipse.m2e.maven.runtime_3.9.500.20231113-2345/jars/maven-model-builder-3.9.5.jar
2024-05-13 20:49:49,503 [Worker-8: Launching Executing install in _Users_newuser_Desktop_capstone-vsc_backend-food-app_Eureka-server] INFO  o.eclipse.m2e.core.internal.Bundles - 	Entry: /Users/newuser/.p2/pool/plugins/org.eclipse.m2e.maven.runtime_3.9.500.20231113-2345/jars/maven-plugin-api-3.9.5.jar
2024-05-13 20:49:49,503 [Worker-8: Launching Executing install in _Users_newuser_Desktop_capstone-vsc_backend-food-app_Eureka-server] INFO  o.eclipse.m2e.core.internal.Bundles - 	Entry: /Users/newuser/.p2/pool/plugins/org.eclipse.m2e.maven.runtime_3.9.500.20231113-2345/jars/maven-repository-metadata-3.9.5.jar
2024-05-13 20:49:49,503 [Worker-8: Launching Executing install in _Users_newuser_Desktop_capstone-vsc_backend-food-app_Eureka-server] INFO  o.eclipse.m2e.core.internal.Bundles - 	Entry: /Users/newuser/.p2/pool/plugins/org.eclipse.m2e.maven.runtime_3.9.500.20231113-2345/jars/maven-resolver-api-1.9.16.jar
2024-05-13 20:49:49,503 [Worker-8: Launching Executing install in _Users_newuser_Desktop_capstone-vsc_backend-food-app_Eureka-server] INFO  o.eclipse.m2e.core.internal.Bundles - 	Entry: /Users/newuser/.p2/pool/plugins/org.eclipse.m2e.maven.runtime_3.9.500.20231113-2345/jars/maven-resolver-connector-basic-1.9.16.jar
2024-05-13 20:49:49,503 [Worker-8: Launching Executing install in _Users_newuser_Desktop_capstone-vsc_backend-food-app_Eureka-server] INFO  o.eclipse.m2e.core.internal.Bundles - 	Entry: /Users/newuser/.p2/pool/plugins/org.eclipse.m2e.maven.runtime_3.9.500.20231113-2345/jars/maven-resolver-impl-1.9.16.jar
2024-05-13 20:49:49,503 [Worker-8: Launching Executing install in _Users_newuser_Desktop_capstone-vsc_backend-food-app_Eureka-server] INFO  o.eclipse.m2e.core.internal.Bundles - 	Entry: /Users/newuser/.p2/pool/plugins/org.eclipse.m2e.maven.runtime_3.9.500.20231113-2345/jars/maven-resolver-named-locks-1.9.16.jar
2024-05-13 20:49:49,503 [Worker-8: Launching Executing install in _Users_newuser_Desktop_capstone-vsc_backend-food-app_Eureka-server] INFO  o.eclipse.m2e.core.internal.Bundles - 	Entry: /Users/newuser/.p2/pool/plugins/org.eclipse.m2e.maven.runtime_3.9.500.20231113-2345/jars/maven-resolver-provider-3.9.5.jar
2024-05-13 20:49:49,506 [Worker-8: Launching Executing install in _Users_newuser_Desktop_capstone-vsc_backend-food-app_Eureka-server] INFO  o.eclipse.m2e.core.internal.Bundles - 	Entry: /Users/newuser/.p2/pool/plugins/org.eclipse.m2e.maven.runtime_3.9.500.20231113-2345/jars/maven-resolver-spi-1.9.16.jar
2024-05-13 20:49:49,506 [Worker-8: Launching Executing install in _Users_newuser_Desktop_capstone-vsc_backend-food-app_Eureka-server] INFO  o.eclipse.m2e.core.internal.Bundles - 	Entry: /Users/newuser/.p2/pool/plugins/org.eclipse.m2e.maven.runtime_3.9.500.20231113-2345/jars/maven-resolver-transport-file-1.9.16.jar
2024-05-13 20:49:49,506 [Worker-8: Launching Executing install in _Users_newuser_Desktop_capstone-vsc_backend-food-app_Eureka-server] INFO  o.eclipse.m2e.core.internal.Bundles - 	Entry: /Users/newuser/.p2/pool/plugins/org.eclipse.m2e.maven.runtime_3.9.500.20231113-2345/jars/maven-resolver-transport-http-1.9.16.jar
2024-05-13 20:49:49,507 [Worker-8: Launching Executing install in _Users_newuser_Desktop_capstone-vsc_backend-food-app_Eureka-server] INFO  o.eclipse.m2e.core.internal.Bundles - 	Entry: /Users/newuser/.p2/pool/plugins/org.eclipse.m2e.maven.runtime_3.9.500.20231113-2345/jars/maven-resolver-transport-wagon-1.9.16.jar
2024-05-13 20:49:49,507 [Worker-8: Launching Executing install in _Users_newuser_Desktop_capstone-vsc_backend-food-app_Eureka-server] INFO  o.eclipse.m2e.core.internal.Bundles - 	Entry: /Users/newuser/.p2/pool/plugins/org.eclipse.m2e.maven.runtime_3.9.500.20231113-2345/jars/maven-resolver-util-1.9.16.jar
2024-05-13 20:49:49,507 [Worker-8: Launching Executing install in _Users_newuser_Desktop_capstone-vsc_backend-food-app_Eureka-server] INFO  o.eclipse.m2e.core.internal.Bundles - 	Entry: /Users/newuser/.p2/pool/plugins/org.eclipse.m2e.maven.runtime_3.9.500.20231113-2345/jars/maven-settings-3.9.5.jar
2024-05-13 20:49:49,507 [Worker-8: Launching Executing install in _Users_newuser_Desktop_capstone-vsc_backend-food-app_Eureka-server] INFO  o.eclipse.m2e.core.internal.Bundles - 	Entry: /Users/newuser/.p2/pool/plugins/org.eclipse.m2e.maven.runtime_3.9.500.20231113-2345/jars/maven-settings-builder-3.9.5.jar
2024-05-13 20:49:49,507 [Worker-8: Launching Executing install in _Users_newuser_Desktop_capstone-vsc_backend-food-app_Eureka-server] INFO  o.eclipse.m2e.core.internal.Bundles - 	Entry: /Users/newuser/.p2/pool/plugins/org.eclipse.m2e.maven.runtime_3.9.500.20231113-2345/jars/maven-shared-utils-3.3.4.jar
2024-05-13 20:49:49,507 [Worker-8: Launching Executing install in _Users_newuser_Desktop_capstone-vsc_backend-food-app_Eureka-server] INFO  o.eclipse.m2e.core.internal.Bundles - 	Entry: /Users/newuser/.p2/pool/plugins/org.eclipse.m2e.maven.runtime_3.9.500.20231113-2345/jars/org.eclipse.sisu.inject-0.3.5.jar
2024-05-13 20:49:49,508 [Worker-8: Launching Executing install in _Users_newuser_Desktop_capstone-vsc_backend-food-app_Eureka-server] INFO  o.eclipse.m2e.core.internal.Bundles - 	Entry: /Users/newuser/.p2/pool/plugins/org.eclipse.m2e.maven.runtime_3.9.500.20231113-2345/jars/org.eclipse.sisu.plexus-0.3.5.jar
2024-05-13 20:49:49,508 [Worker-8: Launching Executing install in _Users_newuser_Desktop_capstone-vsc_backend-food-app_Eureka-server] INFO  o.eclipse.m2e.core.internal.Bundles - 	Entry: /Users/newuser/.p2/pool/plugins/org.eclipse.m2e.maven.runtime_3.9.500.20231113-2345/jars/plexus-build-api-0.0.7.jar
2024-05-13 20:49:49,508 [Worker-8: Launching Executing install in _Users_newuser_Desktop_capstone-vsc_backend-food-app_Eureka-server] INFO  o.eclipse.m2e.core.internal.Bundles - 	Entry: /Users/newuser/.p2/pool/plugins/org.eclipse.m2e.maven.runtime_3.9.500.20231113-2345/jars/plexus-cipher-2.0.jar
2024-05-13 20:49:49,508 [Worker-8: Launching Executing install in _Users_newuser_Desktop_capstone-vsc_backend-food-app_Eureka-server] INFO  o.eclipse.m2e.core.internal.Bundles - 	Entry: /Users/newuser/.p2/pool/plugins/org.eclipse.m2e.maven.runtime_3.9.500.20231113-2345/jars/plexus-classworlds-2.7.0.jar
2024-05-13 20:49:49,508 [Worker-8: Launching Executing install in _Users_newuser_Desktop_capstone-vsc_backend-food-app_Eureka-server] INFO  o.eclipse.m2e.core.internal.Bundles - 	Entry: /Users/newuser/.p2/pool/plugins/org.eclipse.m2e.maven.runtime_3.9.500.20231113-2345/jars/plexus-component-annotations-2.1.0.jar
2024-05-13 20:49:49,509 [Worker-8: Launching Executing install in _Users_newuser_Desktop_capstone-vsc_backend-food-app_Eureka-server] INFO  o.eclipse.m2e.core.internal.Bundles - 	Entry: /Users/newuser/.p2/pool/plugins/org.eclipse.m2e.maven.runtime_3.9.500.20231113-2345/jars/plexus-interpolation-1.26.jar
2024-05-13 20:49:49,509 [Worker-8: Launching Executing install in _Users_newuser_Desktop_capstone-vsc_backend-food-app_Eureka-server] INFO  o.eclipse.m2e.core.internal.Bundles - 	Entry: /Users/newuser/.p2/pool/plugins/org.eclipse.m2e.maven.runtime_3.9.500.20231113-2345/jars/plexus-sec-dispatcher-2.0.jar
2024-05-13 20:49:49,509 [Worker-8: Launching Executing install in _Users_newuser_Desktop_capstone-vsc_backend-food-app_Eureka-server] INFO  o.eclipse.m2e.core.internal.Bundles - 	Entry: /Users/newuser/.p2/pool/plugins/org.eclipse.m2e.maven.runtime_3.9.500.20231113-2345/jars/plexus-utils-3.5.1.jar
2024-05-13 20:49:49,509 [Worker-8: Launching Executing install in _Users_newuser_Desktop_capstone-vsc_backend-food-app_Eureka-server] INFO  o.eclipse.m2e.core.internal.Bundles - 	Entry: /Users/newuser/.p2/pool/plugins/org.eclipse.m2e.maven.runtime_3.9.500.20231113-2345/jars/wagon-file-3.5.3.jar
2024-05-13 20:49:49,509 [Worker-8: Launching Executing install in _Users_newuser_Desktop_capstone-vsc_backend-food-app_Eureka-server] INFO  o.eclipse.m2e.core.internal.Bundles - 	Entry: /Users/newuser/.p2/pool/plugins/org.eclipse.m2e.maven.runtime_3.9.500.20231113-2345/jars/wagon-http-3.5.3.jar
2024-05-13 20:49:49,514 [Worker-8: Launching Executing install in _Users_newuser_Desktop_capstone-vsc_backend-food-app_Eureka-server] INFO  o.eclipse.m2e.core.internal.Bundles - 	Entry: /Users/newuser/.p2/pool/plugins/org.eclipse.m2e.maven.runtime_3.9.500.20231113-2345/jars/wagon-http-shared-3.5.3.jar
2024-05-13 20:49:49,515 [Worker-8: Launching Executing install in _Users_newuser_Desktop_capstone-vsc_backend-food-app_Eureka-server] INFO  o.eclipse.m2e.core.internal.Bundles - 	Entry: /Users/newuser/.p2/pool/plugins/org.eclipse.m2e.maven.runtime_3.9.500.20231113-2345/jars/wagon-provider-api-3.5.3.jar
2024-05-13 20:49:49,515 [Worker-8: Launching Executing install in _Users_newuser_Desktop_capstone-vsc_backend-food-app_Eureka-server] INFO  o.eclipse.m2e.core.internal.Bundles - getClasspathEntries(Bundle=com.google.guava_32.1.3.jre [992])
2024-05-13 20:49:49,516 [Worker-8: Launching Executing install in _Users_newuser_Desktop_capstone-vsc_backend-food-app_Eureka-server] INFO  o.eclipse.m2e.core.internal.Bundles - 	Entry: /Users/newuser/.p2/pool/plugins/com.google.guava_32.1.3.jre.jar
2024-05-13 20:49:49,516 [Worker-8: Launching Executing install in _Users_newuser_Desktop_capstone-vsc_backend-food-app_Eureka-server] INFO  o.eclipse.m2e.core.internal.Bundles - getClasspathEntries(Bundle=slf4j.api_2.0.11 [1959])
2024-05-13 20:49:49,517 [Worker-8: Launching Executing install in _Users_newuser_Desktop_capstone-vsc_backend-food-app_Eureka-server] INFO  o.eclipse.m2e.core.internal.Bundles - 	Entry: /Users/newuser/.p2/pool/plugins/slf4j.api_2.0.11.jar
2024-05-13 20:49:49,520 [Worker-8: Launching Executing install in _Users_newuser_Desktop_capstone-vsc_backend-food-app_Eureka-server] INFO  o.eclipse.m2e.core.internal.Bundles - getClasspathEntries(Bundle=jakarta.inject.jakarta.inject-api_1.0.5 [1009])
2024-05-13 20:49:49,520 [Worker-8: Launching Executing install in _Users_newuser_Desktop_capstone-vsc_backend-food-app_Eureka-server] INFO  o.eclipse.m2e.core.internal.Bundles - 	Entry: /Users/newuser/.p2/pool/plugins/jakarta.inject.jakarta.inject-api_1.0.5.jar
2024-05-13 20:49:49,520 [Worker-8: Launching Executing install in _Users_newuser_Desktop_capstone-vsc_backend-food-app_Eureka-server] INFO  o.eclipse.m2e.core.internal.Bundles - getClasspathEntries(Bundle=jakarta.annotation-api_1.3.5 [1004])
2024-05-13 20:49:49,521 [Worker-8: Launching Executing install in _Users_newuser_Desktop_capstone-vsc_backend-food-app_Eureka-server] INFO  o.eclipse.m2e.core.internal.Bundles - 	Entry: /Users/newuser/.p2/pool/plugins/jakarta.annotation-api_1.3.5.jar
2024-05-13 20:49:49,521 [Worker-8: Launching Executing install in _Users_newuser_Desktop_capstone-vsc_backend-food-app_Eureka-server] INFO  o.eclipse.m2e.core.internal.Bundles - getClasspathEntries(Bundle=org.apache.commons.cli_1.6.0 [1051])
2024-05-13 20:49:49,521 [Worker-8: Launching Executing install in _Users_newuser_Desktop_capstone-vsc_backend-food-app_Eureka-server] INFO  o.eclipse.m2e.core.internal.Bundles - 	Entry: /Users/newuser/.p2/pool/plugins/org.apache.commons.cli_1.6.0.jar
2024-05-13 20:49:49,521 [Worker-8: Launching Executing install in _Users_newuser_Desktop_capstone-vsc_backend-food-app_Eureka-server] INFO  o.eclipse.m2e.core.internal.Bundles - getClasspathEntries(Bundle=org.apache.commons.commons-codec_1.16.0 [1055])
2024-05-13 20:49:49,522 [Worker-8: Launching Executing install in _Users_newuser_Desktop_capstone-vsc_backend-food-app_Eureka-server] INFO  o.eclipse.m2e.core.internal.Bundles - 	Entry: /Users/newuser/.p2/pool/plugins/org.apache.commons.commons-codec_1.16.0.jar
2024-05-13 20:49:49,522 [Worker-8: Launching Executing install in _Users_newuser_Desktop_capstone-vsc_backend-food-app_Eureka-server] INFO  o.eclipse.m2e.core.internal.Bundles - getClasspathEntries(Bundle=org.apache.commons.lang3_3.13.0 [1062])
2024-05-13 20:49:49,522 [Worker-8: Launching Executing install in _Users_newuser_Desktop_capstone-vsc_backend-food-app_Eureka-server] INFO  o.eclipse.m2e.core.internal.Bundles - 	Entry: /Users/newuser/.p2/pool/plugins/org.apache.commons.lang3_3.13.0.jar
2024-05-13 20:49:49,522 [Worker-8: Launching Executing install in _Users_newuser_Desktop_capstone-vsc_backend-food-app_Eureka-server] INFO  o.eclipse.m2e.core.internal.Bundles - getClasspathEntries(Bundle=com.google.guava.failureaccess_1.0.2 [993])
2024-05-13 20:49:49,523 [Worker-8: Launching Executing install in _Users_newuser_Desktop_capstone-vsc_backend-food-app_Eureka-server] INFO  o.eclipse.m2e.core.internal.Bundles - 	Entry: /Users/newuser/.p2/pool/plugins/com.google.guava.failureaccess_1.0.2.jar
2024-05-13 20:49:49,525 [Worker-8: Launching Executing install in _Users_newuser_Desktop_capstone-vsc_backend-food-app_Eureka-server] INFO  o.e.m.i.launch.MavenLaunchDelegate - Run build in "/Users/newuser/Desktop/capstone-vsc/backend-food-app/Eureka-server":
2024-05-13 20:49:49,527 [Worker-8: Launching Executing install in _Users_newuser_Desktop_capstone-vsc_backend-food-app_Eureka-server] INFO  o.e.m.i.launch.MavenLaunchDelegate -  mvn  -B -Dstyle.color=always install
2024-05-13 20:51:04,164 [Worker-8: Launching Executing clean in _Users_newuser_Desktop_capstone-vsc_backend-food-app_backend-micro-service-food-app] INFO  o.eclipse.m2e.core.internal.Bundles - getClasspathEntries(Bundle=org.eclipse.m2e.maven.runtime_3.9.500.20231113-2345 [1600])
2024-05-13 20:51:04,169 [Worker-8: Launching Executing clean in _Users_newuser_Desktop_capstone-vsc_backend-food-app_backend-micro-service-food-app] INFO  o.eclipse.m2e.core.internal.Bundles - 	Entry: /Users/newuser/.p2/pool/plugins/org.eclipse.m2e.maven.runtime_3.9.500.20231113-2345
2024-05-13 20:51:04,171 [Worker-8: Launching Executing clean in _Users_newuser_Desktop_capstone-vsc_backend-food-app_backend-micro-service-food-app] INFO  o.eclipse.m2e.core.internal.Bundles - 	Entry: /Users/newuser/.p2/pool/plugins/org.eclipse.m2e.maven.runtime_3.9.500.20231113-2345/jars/aopalliance-1.0.jar
2024-05-13 20:51:04,172 [Worker-8: Launching Executing clean in _Users_newuser_Desktop_capstone-vsc_backend-food-app_backend-micro-service-food-app] INFO  o.eclipse.m2e.core.internal.Bundles - 	Entry: /Users/newuser/.p2/pool/plugins/org.eclipse.m2e.maven.runtime_3.9.500.20231113-2345/jars/guice-5.1.0.jar
2024-05-13 20:51:04,173 [Worker-8: Launching Executing clean in _Users_newuser_Desktop_capstone-vsc_backend-food-app_backend-micro-service-food-app] INFO  o.eclipse.m2e.core.internal.Bundles - 	Entry: /Users/newuser/.p2/pool/plugins/org.eclipse.m2e.maven.runtime_3.9.500.20231113-2345/jars/httpclient-4.5.14.jar
2024-05-13 20:51:04,173 [Worker-8: Launching Executing clean in _Users_newuser_Desktop_capstone-vsc_backend-food-app_backend-micro-service-food-app] INFO  o.eclipse.m2e.core.internal.Bundles - 	Entry: /Users/newuser/.p2/pool/plugins/org.eclipse.m2e.maven.runtime_3.9.500.20231113-2345/jars/httpcore-4.4.16.jar
2024-05-13 20:51:04,174 [Worker-8: Launching Executing clean in _Users_newuser_Desktop_capstone-vsc_backend-food-app_backend-micro-service-food-app] INFO  o.eclipse.m2e.core.internal.Bundles - 	Entry: /Users/newuser/.p2/pool/plugins/org.eclipse.m2e.maven.runtime_3.9.500.20231113-2345/jars/jansi-2.4.0.jar
2024-05-13 20:51:04,174 [Worker-8: Launching Executing clean in _Users_newuser_Desktop_capstone-vsc_backend-food-app_backend-micro-service-food-app] INFO  o.eclipse.m2e.core.internal.Bundles - 	Entry: /Users/newuser/.p2/pool/plugins/org.eclipse.m2e.maven.runtime_3.9.500.20231113-2345/jars/jcl-over-slf4j-1.7.36.jar
2024-05-13 20:51:04,174 [Worker-8: Launching Executing clean in _Users_newuser_Desktop_capstone-vsc_backend-food-app_backend-micro-service-food-app] INFO  o.eclipse.m2e.core.internal.Bundles - 	Entry: /Users/newuser/.p2/pool/plugins/org.eclipse.m2e.maven.runtime_3.9.500.20231113-2345/jars/maven-artifact-3.9.5.jar
2024-05-13 20:51:04,175 [Worker-8: Launching Executing clean in _Users_newuser_Desktop_capstone-vsc_backend-food-app_backend-micro-service-food-app] INFO  o.eclipse.m2e.core.internal.Bundles - 	Entry: /Users/newuser/.p2/pool/plugins/org.eclipse.m2e.maven.runtime_3.9.500.20231113-2345/jars/maven-builder-support-3.9.5.jar
2024-05-13 20:51:04,176 [Worker-8: Launching Executing clean in _Users_newuser_Desktop_capstone-vsc_backend-food-app_backend-micro-service-food-app] INFO  o.eclipse.m2e.core.internal.Bundles - 	Entry: /Users/newuser/.p2/pool/plugins/org.eclipse.m2e.maven.runtime_3.9.500.20231113-2345/jars/maven-compat-3.9.5.jar
2024-05-13 20:51:04,181 [Worker-8: Launching Executing clean in _Users_newuser_Desktop_capstone-vsc_backend-food-app_backend-micro-service-food-app] INFO  o.eclipse.m2e.core.internal.Bundles - 	Entry: /Users/newuser/.p2/pool/plugins/org.eclipse.m2e.maven.runtime_3.9.500.20231113-2345/jars/maven-core-3.9.5.jar
2024-05-13 20:51:04,185 [Worker-8: Launching Executing clean in _Users_newuser_Desktop_capstone-vsc_backend-food-app_backend-micro-service-food-app] INFO  o.eclipse.m2e.core.internal.Bundles - 	Entry: /Users/newuser/.p2/pool/plugins/org.eclipse.m2e.maven.runtime_3.9.500.20231113-2345/jars/maven-embedder-3.9.5.jar
2024-05-13 20:51:04,186 [Worker-8: Launching Executing clean in _Users_newuser_Desktop_capstone-vsc_backend-food-app_backend-micro-service-food-app] INFO  o.eclipse.m2e.core.internal.Bundles - 	Entry: /Users/newuser/.p2/pool/plugins/org.eclipse.m2e.maven.runtime_3.9.500.20231113-2345/jars/maven-model-3.9.5.jar
2024-05-13 20:51:04,192 [Worker-8: Launching Executing clean in _Users_newuser_Desktop_capstone-vsc_backend-food-app_backend-micro-service-food-app] INFO  o.eclipse.m2e.core.internal.Bundles - 	Entry: /Users/newuser/.p2/pool/plugins/org.eclipse.m2e.maven.runtime_3.9.500.20231113-2345/jars/maven-model-builder-3.9.5.jar
2024-05-13 20:51:04,192 [Worker-8: Launching Executing clean in _Users_newuser_Desktop_capstone-vsc_backend-food-app_backend-micro-service-food-app] INFO  o.eclipse.m2e.core.internal.Bundles - 	Entry: /Users/newuser/.p2/pool/plugins/org.eclipse.m2e.maven.runtime_3.9.500.20231113-2345/jars/maven-plugin-api-3.9.5.jar
2024-05-13 20:51:04,193 [Worker-8: Launching Executing clean in _Users_newuser_Desktop_capstone-vsc_backend-food-app_backend-micro-service-food-app] INFO  o.eclipse.m2e.core.internal.Bundles - 	Entry: /Users/newuser/.p2/pool/plugins/org.eclipse.m2e.maven.runtime_3.9.500.20231113-2345/jars/maven-repository-metadata-3.9.5.jar
2024-05-13 20:51:04,194 [Worker-8: Launching Executing clean in _Users_newuser_Desktop_capstone-vsc_backend-food-app_backend-micro-service-food-app] INFO  o.eclipse.m2e.core.internal.Bundles - 	Entry: /Users/newuser/.p2/pool/plugins/org.eclipse.m2e.maven.runtime_3.9.500.20231113-2345/jars/maven-resolver-api-1.9.16.jar
2024-05-13 20:51:04,195 [Worker-8: Launching Executing clean in _Users_newuser_Desktop_capstone-vsc_backend-food-app_backend-micro-service-food-app] INFO  o.eclipse.m2e.core.internal.Bundles - 	Entry: /Users/newuser/.p2/pool/plugins/org.eclipse.m2e.maven.runtime_3.9.500.20231113-2345/jars/maven-resolver-connector-basic-1.9.16.jar
2024-05-13 20:51:04,195 [Worker-8: Launching Executing clean in _Users_newuser_Desktop_capstone-vsc_backend-food-app_backend-micro-service-food-app] INFO  o.eclipse.m2e.core.internal.Bundles - 	Entry: /Users/newuser/.p2/pool/plugins/org.eclipse.m2e.maven.runtime_3.9.500.20231113-2345/jars/maven-resolver-impl-1.9.16.jar
2024-05-13 20:51:04,195 [Worker-8: Launching Executing clean in _Users_newuser_Desktop_capstone-vsc_backend-food-app_backend-micro-service-food-app] INFO  o.eclipse.m2e.core.internal.Bundles - 	Entry: /Users/newuser/.p2/pool/plugins/org.eclipse.m2e.maven.runtime_3.9.500.20231113-2345/jars/maven-resolver-named-locks-1.9.16.jar
2024-05-13 20:51:04,196 [Worker-8: Launching Executing clean in _Users_newuser_Desktop_capstone-vsc_backend-food-app_backend-micro-service-food-app] INFO  o.eclipse.m2e.core.internal.Bundles - 	Entry: /Users/newuser/.p2/pool/plugins/org.eclipse.m2e.maven.runtime_3.9.500.20231113-2345/jars/maven-resolver-provider-3.9.5.jar
2024-05-13 20:51:04,197 [Worker-8: Launching Executing clean in _Users_newuser_Desktop_capstone-vsc_backend-food-app_backend-micro-service-food-app] INFO  o.eclipse.m2e.core.internal.Bundles - 	Entry: /Users/newuser/.p2/pool/plugins/org.eclipse.m2e.maven.runtime_3.9.500.20231113-2345/jars/maven-resolver-spi-1.9.16.jar
2024-05-13 20:51:04,198 [Worker-8: Launching Executing clean in _Users_newuser_Desktop_capstone-vsc_backend-food-app_backend-micro-service-food-app] INFO  o.eclipse.m2e.core.internal.Bundles - 	Entry: /Users/newuser/.p2/pool/plugins/org.eclipse.m2e.maven.runtime_3.9.500.20231113-2345/jars/maven-resolver-transport-file-1.9.16.jar
2024-05-13 20:51:04,198 [Worker-8: Launching Executing clean in _Users_newuser_Desktop_capstone-vsc_backend-food-app_backend-micro-service-food-app] INFO  o.eclipse.m2e.core.internal.Bundles - 	Entry: /Users/newuser/.p2/pool/plugins/org.eclipse.m2e.maven.runtime_3.9.500.20231113-2345/jars/maven-resolver-transport-http-1.9.16.jar
2024-05-13 20:51:04,199 [Worker-8: Launching Executing clean in _Users_newuser_Desktop_capstone-vsc_backend-food-app_backend-micro-service-food-app] INFO  o.eclipse.m2e.core.internal.Bundles - 	Entry: /Users/newuser/.p2/pool/plugins/org.eclipse.m2e.maven.runtime_3.9.500.20231113-2345/jars/maven-resolver-transport-wagon-1.9.16.jar
2024-05-13 20:51:04,199 [Worker-8: Launching Executing clean in _Users_newuser_Desktop_capstone-vsc_backend-food-app_backend-micro-service-food-app] INFO  o.eclipse.m2e.core.internal.Bundles - 	Entry: /Users/newuser/.p2/pool/plugins/org.eclipse.m2e.maven.runtime_3.9.500.20231113-2345/jars/maven-resolver-util-1.9.16.jar
2024-05-13 20:51:04,200 [Worker-8: Launching Executing clean in _Users_newuser_Desktop_capstone-vsc_backend-food-app_backend-micro-service-food-app] INFO  o.eclipse.m2e.core.internal.Bundles - 	Entry: /Users/newuser/.p2/pool/plugins/org.eclipse.m2e.maven.runtime_3.9.500.20231113-2345/jars/maven-settings-3.9.5.jar
2024-05-13 20:51:04,200 [Worker-8: Launching Executing clean in _Users_newuser_Desktop_capstone-vsc_backend-food-app_backend-micro-service-food-app] INFO  o.eclipse.m2e.core.internal.Bundles - 	Entry: /Users/newuser/.p2/pool/plugins/org.eclipse.m2e.maven.runtime_3.9.500.20231113-2345/jars/maven-settings-builder-3.9.5.jar
2024-05-13 20:51:04,200 [Worker-8: Launching Executing clean in _Users_newuser_Desktop_capstone-vsc_backend-food-app_backend-micro-service-food-app] INFO  o.eclipse.m2e.core.internal.Bundles - 	Entry: /Users/newuser/.p2/pool/plugins/org.eclipse.m2e.maven.runtime_3.9.500.20231113-2345/jars/maven-shared-utils-3.3.4.jar
2024-05-13 20:51:04,201 [Worker-8: Launching Executing clean in _Users_newuser_Desktop_capstone-vsc_backend-food-app_backend-micro-service-food-app] INFO  o.eclipse.m2e.core.internal.Bundles - 	Entry: /Users/newuser/.p2/pool/plugins/org.eclipse.m2e.maven.runtime_3.9.500.20231113-2345/jars/org.eclipse.sisu.inject-0.3.5.jar
2024-05-13 20:51:04,201 [Worker-8: Launching Executing clean in _Users_newuser_Desktop_capstone-vsc_backend-food-app_backend-micro-service-food-app] INFO  o.eclipse.m2e.core.internal.Bundles - 	Entry: /Users/newuser/.p2/pool/plugins/org.eclipse.m2e.maven.runtime_3.9.500.20231113-2345/jars/org.eclipse.sisu.plexus-0.3.5.jar
2024-05-13 20:51:04,201 [Worker-8: Launching Executing clean in _Users_newuser_Desktop_capstone-vsc_backend-food-app_backend-micro-service-food-app] INFO  o.eclipse.m2e.core.internal.Bundles - 	Entry: /Users/newuser/.p2/pool/plugins/org.eclipse.m2e.maven.runtime_3.9.500.20231113-2345/jars/plexus-build-api-0.0.7.jar
2024-05-13 20:51:04,202 [Worker-8: Launching Executing clean in _Users_newuser_Desktop_capstone-vsc_backend-food-app_backend-micro-service-food-app] INFO  o.eclipse.m2e.core.internal.Bundles - 	Entry: /Users/newuser/.p2/pool/plugins/org.eclipse.m2e.maven.runtime_3.9.500.20231113-2345/jars/plexus-cipher-2.0.jar
2024-05-13 20:51:04,203 [Worker-8: Launching Executing clean in _Users_newuser_Desktop_capstone-vsc_backend-food-app_backend-micro-service-food-app] INFO  o.eclipse.m2e.core.internal.Bundles - 	Entry: /Users/newuser/.p2/pool/plugins/org.eclipse.m2e.maven.runtime_3.9.500.20231113-2345/jars/plexus-classworlds-2.7.0.jar
2024-05-13 20:51:04,204 [Worker-8: Launching Executing clean in _Users_newuser_Desktop_capstone-vsc_backend-food-app_backend-micro-service-food-app] INFO  o.eclipse.m2e.core.internal.Bundles - 	Entry: /Users/newuser/.p2/pool/plugins/org.eclipse.m2e.maven.runtime_3.9.500.20231113-2345/jars/plexus-component-annotations-2.1.0.jar
2024-05-13 20:51:04,204 [Worker-8: Launching Executing clean in _Users_newuser_Desktop_capstone-vsc_backend-food-app_backend-micro-service-food-app] INFO  o.eclipse.m2e.core.internal.Bundles - 	Entry: /Users/newuser/.p2/pool/plugins/org.eclipse.m2e.maven.runtime_3.9.500.20231113-2345/jars/plexus-interpolation-1.26.jar
2024-05-13 20:51:04,205 [Worker-8: Launching Executing clean in _Users_newuser_Desktop_capstone-vsc_backend-food-app_backend-micro-service-food-app] INFO  o.eclipse.m2e.core.internal.Bundles - 	Entry: /Users/newuser/.p2/pool/plugins/org.eclipse.m2e.maven.runtime_3.9.500.20231113-2345/jars/plexus-sec-dispatcher-2.0.jar
2024-05-13 20:51:04,205 [Worker-8: Launching Executing clean in _Users_newuser_Desktop_capstone-vsc_backend-food-app_backend-micro-service-food-app] INFO  o.eclipse.m2e.core.internal.Bundles - 	Entry: /Users/newuser/.p2/pool/plugins/org.eclipse.m2e.maven.runtime_3.9.500.20231113-2345/jars/plexus-utils-3.5.1.jar
2024-05-13 20:51:04,206 [Worker-8: Launching Executing clean in _Users_newuser_Desktop_capstone-vsc_backend-food-app_backend-micro-service-food-app] INFO  o.eclipse.m2e.core.internal.Bundles - 	Entry: /Users/newuser/.p2/pool/plugins/org.eclipse.m2e.maven.runtime_3.9.500.20231113-2345/jars/wagon-file-3.5.3.jar
2024-05-13 20:51:04,206 [Worker-8: Launching Executing clean in _Users_newuser_Desktop_capstone-vsc_backend-food-app_backend-micro-service-food-app] INFO  o.eclipse.m2e.core.internal.Bundles - 	Entry: /Users/newuser/.p2/pool/plugins/org.eclipse.m2e.maven.runtime_3.9.500.20231113-2345/jars/wagon-http-3.5.3.jar
2024-05-13 20:51:04,207 [Worker-8: Launching Executing clean in _Users_newuser_Desktop_capstone-vsc_backend-food-app_backend-micro-service-food-app] INFO  o.eclipse.m2e.core.internal.Bundles - 	Entry: /Users/newuser/.p2/pool/plugins/org.eclipse.m2e.maven.runtime_3.9.500.20231113-2345/jars/wagon-http-shared-3.5.3.jar
2024-05-13 20:51:04,207 [Worker-8: Launching Executing clean in _Users_newuser_Desktop_capstone-vsc_backend-food-app_backend-micro-service-food-app] INFO  o.eclipse.m2e.core.internal.Bundles - 	Entry: /Users/newuser/.p2/pool/plugins/org.eclipse.m2e.maven.runtime_3.9.500.20231113-2345/jars/wagon-provider-api-3.5.3.jar
2024-05-13 20:51:04,208 [Worker-8: Launching Executing clean in _Users_newuser_Desktop_capstone-vsc_backend-food-app_backend-micro-service-food-app] INFO  o.eclipse.m2e.core.internal.Bundles - getClasspathEntries(Bundle=com.google.guava_32.1.3.jre [992])
2024-05-13 20:51:04,209 [Worker-8: Launching Executing clean in _Users_newuser_Desktop_capstone-vsc_backend-food-app_backend-micro-service-food-app] INFO  o.eclipse.m2e.core.internal.Bundles - 	Entry: /Users/newuser/.p2/pool/plugins/com.google.guava_32.1.3.jre.jar
2024-05-13 20:51:04,216 [Worker-8: Launching Executing clean in _Users_newuser_Desktop_capstone-vsc_backend-food-app_backend-micro-service-food-app] INFO  o.eclipse.m2e.core.internal.Bundles - getClasspathEntries(Bundle=slf4j.api_2.0.11 [1959])
2024-05-13 20:51:04,218 [Worker-8: Launching Executing clean in _Users_newuser_Desktop_capstone-vsc_backend-food-app_backend-micro-service-food-app] INFO  o.eclipse.m2e.core.internal.Bundles - 	Entry: /Users/newuser/.p2/pool/plugins/slf4j.api_2.0.11.jar
2024-05-13 20:51:04,224 [Worker-8: Launching Executing clean in _Users_newuser_Desktop_capstone-vsc_backend-food-app_backend-micro-service-food-app] INFO  o.eclipse.m2e.core.internal.Bundles - getClasspathEntries(Bundle=jakarta.inject.jakarta.inject-api_1.0.5 [1009])
2024-05-13 20:51:04,226 [Worker-8: Launching Executing clean in _Users_newuser_Desktop_capstone-vsc_backend-food-app_backend-micro-service-food-app] INFO  o.eclipse.m2e.core.internal.Bundles - 	Entry: /Users/newuser/.p2/pool/plugins/jakarta.inject.jakarta.inject-api_1.0.5.jar
2024-05-13 20:51:04,226 [Worker-8: Launching Executing clean in _Users_newuser_Desktop_capstone-vsc_backend-food-app_backend-micro-service-food-app] INFO  o.eclipse.m2e.core.internal.Bundles - getClasspathEntries(Bundle=jakarta.annotation-api_1.3.5 [1004])
2024-05-13 20:51:04,229 [Worker-8: Launching Executing clean in _Users_newuser_Desktop_capstone-vsc_backend-food-app_backend-micro-service-food-app] INFO  o.eclipse.m2e.core.internal.Bundles - 	Entry: /Users/newuser/.p2/pool/plugins/jakarta.annotation-api_1.3.5.jar
2024-05-13 20:51:04,230 [Worker-8: Launching Executing clean in _Users_newuser_Desktop_capstone-vsc_backend-food-app_backend-micro-service-food-app] INFO  o.eclipse.m2e.core.internal.Bundles - getClasspathEntries(Bundle=org.apache.commons.cli_1.6.0 [1051])
2024-05-13 20:51:04,232 [Worker-8: Launching Executing clean in _Users_newuser_Desktop_capstone-vsc_backend-food-app_backend-micro-service-food-app] INFO  o.eclipse.m2e.core.internal.Bundles - 	Entry: /Users/newuser/.p2/pool/plugins/org.apache.commons.cli_1.6.0.jar
2024-05-13 20:51:04,232 [Worker-8: Launching Executing clean in _Users_newuser_Desktop_capstone-vsc_backend-food-app_backend-micro-service-food-app] INFO  o.eclipse.m2e.core.internal.Bundles - getClasspathEntries(Bundle=org.apache.commons.commons-codec_1.16.0 [1055])
2024-05-13 20:51:04,232 [Worker-8: Launching Executing clean in _Users_newuser_Desktop_capstone-vsc_backend-food-app_backend-micro-service-food-app] INFO  o.eclipse.m2e.core.internal.Bundles - 	Entry: /Users/newuser/.p2/pool/plugins/org.apache.commons.commons-codec_1.16.0.jar
2024-05-13 20:51:04,232 [Worker-8: Launching Executing clean in _Users_newuser_Desktop_capstone-vsc_backend-food-app_backend-micro-service-food-app] INFO  o.eclipse.m2e.core.internal.Bundles - getClasspathEntries(Bundle=org.apache.commons.lang3_3.13.0 [1062])
2024-05-13 20:51:04,233 [Worker-8: Launching Executing clean in _Users_newuser_Desktop_capstone-vsc_backend-food-app_backend-micro-service-food-app] INFO  o.eclipse.m2e.core.internal.Bundles - 	Entry: /Users/newuser/.p2/pool/plugins/org.apache.commons.lang3_3.13.0.jar
2024-05-13 20:51:04,233 [Worker-8: Launching Executing clean in _Users_newuser_Desktop_capstone-vsc_backend-food-app_backend-micro-service-food-app] INFO  o.eclipse.m2e.core.internal.Bundles - getClasspathEntries(Bundle=com.google.guava.failureaccess_1.0.2 [993])
2024-05-13 20:51:04,233 [Worker-8: Launching Executing clean in _Users_newuser_Desktop_capstone-vsc_backend-food-app_backend-micro-service-food-app] INFO  o.eclipse.m2e.core.internal.Bundles - 	Entry: /Users/newuser/.p2/pool/plugins/com.google.guava.failureaccess_1.0.2.jar
2024-05-13 20:51:04,239 [Worker-8: Launching Executing clean in _Users_newuser_Desktop_capstone-vsc_backend-food-app_backend-micro-service-food-app] INFO  o.e.m.i.launch.MavenLaunchDelegate - Run build in "/Users/newuser/Desktop/capstone-vsc/backend-food-app/backend-micro-service-food-app":
2024-05-13 20:51:04,241 [Worker-8: Launching Executing clean in _Users_newuser_Desktop_capstone-vsc_backend-food-app_backend-micro-service-food-app] INFO  o.e.m.i.launch.MavenLaunchDelegate -  mvn  -B -Dstyle.color=always clean
2024-05-13 20:51:20,566 [main] INFO  o.e.m2e.actions.ExecutePomAction - Creating new launch configuration
2024-05-13 20:51:38,972 [Worker-14: Launching Executing install in _Users_newuser_Desktop_capstone-vsc_backend-food-app_backend-micro-service-food-app] INFO  o.eclipse.m2e.core.internal.Bundles - getClasspathEntries(Bundle=org.eclipse.m2e.maven.runtime_3.9.500.20231113-2345 [1600])
2024-05-13 20:51:38,973 [Worker-14: Launching Executing install in _Users_newuser_Desktop_capstone-vsc_backend-food-app_backend-micro-service-food-app] INFO  o.eclipse.m2e.core.internal.Bundles - 	Entry: /Users/newuser/.p2/pool/plugins/org.eclipse.m2e.maven.runtime_3.9.500.20231113-2345
2024-05-13 20:51:38,974 [Worker-14: Launching Executing install in _Users_newuser_Desktop_capstone-vsc_backend-food-app_backend-micro-service-food-app] INFO  o.eclipse.m2e.core.internal.Bundles - 	Entry: /Users/newuser/.p2/pool/plugins/org.eclipse.m2e.maven.runtime_3.9.500.20231113-2345/jars/aopalliance-1.0.jar
2024-05-13 20:51:38,974 [Worker-14: Launching Executing install in _Users_newuser_Desktop_capstone-vsc_backend-food-app_backend-micro-service-food-app] INFO  o.eclipse.m2e.core.internal.Bundles - 	Entry: /Users/newuser/.p2/pool/plugins/org.eclipse.m2e.maven.runtime_3.9.500.20231113-2345/jars/guice-5.1.0.jar
2024-05-13 20:51:38,975 [Worker-14: Launching Executing install in _Users_newuser_Desktop_capstone-vsc_backend-food-app_backend-micro-service-food-app] INFO  o.eclipse.m2e.core.internal.Bundles - 	Entry: /Users/newuser/.p2/pool/plugins/org.eclipse.m2e.maven.runtime_3.9.500.20231113-2345/jars/httpclient-4.5.14.jar
2024-05-13 20:51:38,976 [Worker-14: Launching Executing install in _Users_newuser_Desktop_capstone-vsc_backend-food-app_backend-micro-service-food-app] INFO  o.eclipse.m2e.core.internal.Bundles - 	Entry: /Users/newuser/.p2/pool/plugins/org.eclipse.m2e.maven.runtime_3.9.500.20231113-2345/jars/httpcore-4.4.16.jar
2024-05-13 20:51:38,977 [Worker-14: Launching Executing install in _Users_newuser_Desktop_capstone-vsc_backend-food-app_backend-micro-service-food-app] INFO  o.eclipse.m2e.core.internal.Bundles - 	Entry: /Users/newuser/.p2/pool/plugins/org.eclipse.m2e.maven.runtime_3.9.500.20231113-2345/jars/jansi-2.4.0.jar
2024-05-13 20:51:38,978 [Worker-14: Launching Executing install in _Users_newuser_Desktop_capstone-vsc_backend-food-app_backend-micro-service-food-app] INFO  o.eclipse.m2e.core.internal.Bundles - 	Entry: /Users/newuser/.p2/pool/plugins/org.eclipse.m2e.maven.runtime_3.9.500.20231113-2345/jars/jcl-over-slf4j-1.7.36.jar
2024-05-13 20:51:38,978 [Worker-14: Launching Executing install in _Users_newuser_Desktop_capstone-vsc_backend-food-app_backend-micro-service-food-app] INFO  o.eclipse.m2e.core.internal.Bundles - 	Entry: /Users/newuser/.p2/pool/plugins/org.eclipse.m2e.maven.runtime_3.9.500.20231113-2345/jars/maven-artifact-3.9.5.jar
2024-05-13 20:51:38,978 [Worker-14: Launching Executing install in _Users_newuser_Desktop_capstone-vsc_backend-food-app_backend-micro-service-food-app] INFO  o.eclipse.m2e.core.internal.Bundles - 	Entry: /Users/newuser/.p2/pool/plugins/org.eclipse.m2e.maven.runtime_3.9.500.20231113-2345/jars/maven-builder-support-3.9.5.jar
2024-05-13 20:51:38,978 [Worker-14: Launching Executing install in _Users_newuser_Desktop_capstone-vsc_backend-food-app_backend-micro-service-food-app] INFO  o.eclipse.m2e.core.internal.Bundles - 	Entry: /Users/newuser/.p2/pool/plugins/org.eclipse.m2e.maven.runtime_3.9.500.20231113-2345/jars/maven-compat-3.9.5.jar
2024-05-13 20:51:38,979 [Worker-14: Launching Executing install in _Users_newuser_Desktop_capstone-vsc_backend-food-app_backend-micro-service-food-app] INFO  o.eclipse.m2e.core.internal.Bundles - 	Entry: /Users/newuser/.p2/pool/plugins/org.eclipse.m2e.maven.runtime_3.9.500.20231113-2345/jars/maven-core-3.9.5.jar
2024-05-13 20:51:38,979 [Worker-14: Launching Executing install in _Users_newuser_Desktop_capstone-vsc_backend-food-app_backend-micro-service-food-app] INFO  o.eclipse.m2e.core.internal.Bundles - 	Entry: /Users/newuser/.p2/pool/plugins/org.eclipse.m2e.maven.runtime_3.9.500.20231113-2345/jars/maven-embedder-3.9.5.jar
2024-05-13 20:51:38,979 [Worker-14: Launching Executing install in _Users_newuser_Desktop_capstone-vsc_backend-food-app_backend-micro-service-food-app] INFO  o.eclipse.m2e.core.internal.Bundles - 	Entry: /Users/newuser/.p2/pool/plugins/org.eclipse.m2e.maven.runtime_3.9.500.20231113-2345/jars/maven-model-3.9.5.jar
2024-05-13 20:51:38,980 [Worker-14: Launching Executing install in _Users_newuser_Desktop_capstone-vsc_backend-food-app_backend-micro-service-food-app] INFO  o.eclipse.m2e.core.internal.Bundles - 	Entry: /Users/newuser/.p2/pool/plugins/org.eclipse.m2e.maven.runtime_3.9.500.20231113-2345/jars/maven-model-builder-3.9.5.jar
2024-05-13 20:51:38,980 [Worker-14: Launching Executing install in _Users_newuser_Desktop_capstone-vsc_backend-food-app_backend-micro-service-food-app] INFO  o.eclipse.m2e.core.internal.Bundles - 	Entry: /Users/newuser/.p2/pool/plugins/org.eclipse.m2e.maven.runtime_3.9.500.20231113-2345/jars/maven-plugin-api-3.9.5.jar
2024-05-13 20:51:38,980 [Worker-14: Launching Executing install in _Users_newuser_Desktop_capstone-vsc_backend-food-app_backend-micro-service-food-app] INFO  o.eclipse.m2e.core.internal.Bundles - 	Entry: /Users/newuser/.p2/pool/plugins/org.eclipse.m2e.maven.runtime_3.9.500.20231113-2345/jars/maven-repository-metadata-3.9.5.jar
2024-05-13 20:51:38,981 [Worker-14: Launching Executing install in _Users_newuser_Desktop_capstone-vsc_backend-food-app_backend-micro-service-food-app] INFO  o.eclipse.m2e.core.internal.Bundles - 	Entry: /Users/newuser/.p2/pool/plugins/org.eclipse.m2e.maven.runtime_3.9.500.20231113-2345/jars/maven-resolver-api-1.9.16.jar
2024-05-13 20:51:38,991 [Worker-14: Launching Executing install in _Users_newuser_Desktop_capstone-vsc_backend-food-app_backend-micro-service-food-app] INFO  o.eclipse.m2e.core.internal.Bundles - 	Entry: /Users/newuser/.p2/pool/plugins/org.eclipse.m2e.maven.runtime_3.9.500.20231113-2345/jars/maven-resolver-connector-basic-1.9.16.jar
2024-05-13 20:51:38,995 [Worker-14: Launching Executing install in _Users_newuser_Desktop_capstone-vsc_backend-food-app_backend-micro-service-food-app] INFO  o.eclipse.m2e.core.internal.Bundles - 	Entry: /Users/newuser/.p2/pool/plugins/org.eclipse.m2e.maven.runtime_3.9.500.20231113-2345/jars/maven-resolver-impl-1.9.16.jar
2024-05-13 20:51:38,996 [Worker-14: Launching Executing install in _Users_newuser_Desktop_capstone-vsc_backend-food-app_backend-micro-service-food-app] INFO  o.eclipse.m2e.core.internal.Bundles - 	Entry: /Users/newuser/.p2/pool/plugins/org.eclipse.m2e.maven.runtime_3.9.500.20231113-2345/jars/maven-resolver-named-locks-1.9.16.jar
2024-05-13 20:51:38,996 [Worker-14: Launching Executing install in _Users_newuser_Desktop_capstone-vsc_backend-food-app_backend-micro-service-food-app] INFO  o.eclipse.m2e.core.internal.Bundles - 	Entry: /Users/newuser/.p2/pool/plugins/org.eclipse.m2e.maven.runtime_3.9.500.20231113-2345/jars/maven-resolver-provider-3.9.5.jar
2024-05-13 20:51:38,997 [Worker-14: Launching Executing install in _Users_newuser_Desktop_capstone-vsc_backend-food-app_backend-micro-service-food-app] INFO  o.eclipse.m2e.core.internal.Bundles - 	Entry: /Users/newuser/.p2/pool/plugins/org.eclipse.m2e.maven.runtime_3.9.500.20231113-2345/jars/maven-resolver-spi-1.9.16.jar
2024-05-13 20:51:38,997 [Worker-14: Launching Executing install in _Users_newuser_Desktop_capstone-vsc_backend-food-app_backend-micro-service-food-app] INFO  o.eclipse.m2e.core.internal.Bundles - 	Entry: /Users/newuser/.p2/pool/plugins/org.eclipse.m2e.maven.runtime_3.9.500.20231113-2345/jars/maven-resolver-transport-file-1.9.16.jar
2024-05-13 20:51:38,997 [Worker-14: Launching Executing install in _Users_newuser_Desktop_capstone-vsc_backend-food-app_backend-micro-service-food-app] INFO  o.eclipse.m2e.core.internal.Bundles - 	Entry: /Users/newuser/.p2/pool/plugins/org.eclipse.m2e.maven.runtime_3.9.500.20231113-2345/jars/maven-resolver-transport-http-1.9.16.jar
2024-05-13 20:51:38,998 [Worker-14: Launching Executing install in _Users_newuser_Desktop_capstone-vsc_backend-food-app_backend-micro-service-food-app] INFO  o.eclipse.m2e.core.internal.Bundles - 	Entry: /Users/newuser/.p2/pool/plugins/org.eclipse.m2e.maven.runtime_3.9.500.20231113-2345/jars/maven-resolver-transport-wagon-1.9.16.jar
2024-05-13 20:51:38,998 [Worker-14: Launching Executing install in _Users_newuser_Desktop_capstone-vsc_backend-food-app_backend-micro-service-food-app] INFO  o.eclipse.m2e.core.internal.Bundles - 	Entry: /Users/newuser/.p2/pool/plugins/org.eclipse.m2e.maven.runtime_3.9.500.20231113-2345/jars/maven-resolver-util-1.9.16.jar
2024-05-13 20:51:38,998 [Worker-14: Launching Executing install in _Users_newuser_Desktop_capstone-vsc_backend-food-app_backend-micro-service-food-app] INFO  o.eclipse.m2e.core.internal.Bundles - 	Entry: /Users/newuser/.p2/pool/plugins/org.eclipse.m2e.maven.runtime_3.9.500.20231113-2345/jars/maven-settings-3.9.5.jar
2024-05-13 20:51:38,999 [Worker-14: Launching Executing install in _Users_newuser_Desktop_capstone-vsc_backend-food-app_backend-micro-service-food-app] INFO  o.eclipse.m2e.core.internal.Bundles - 	Entry: /Users/newuser/.p2/pool/plugins/org.eclipse.m2e.maven.runtime_3.9.500.20231113-2345/jars/maven-settings-builder-3.9.5.jar
2024-05-13 20:51:38,999 [Worker-14: Launching Executing install in _Users_newuser_Desktop_capstone-vsc_backend-food-app_backend-micro-service-food-app] INFO  o.eclipse.m2e.core.internal.Bundles - 	Entry: /Users/newuser/.p2/pool/plugins/org.eclipse.m2e.maven.runtime_3.9.500.20231113-2345/jars/maven-shared-utils-3.3.4.jar
2024-05-13 20:51:38,999 [Worker-14: Launching Executing install in _Users_newuser_Desktop_capstone-vsc_backend-food-app_backend-micro-service-food-app] INFO  o.eclipse.m2e.core.internal.Bundles - 	Entry: /Users/newuser/.p2/pool/plugins/org.eclipse.m2e.maven.runtime_3.9.500.20231113-2345/jars/org.eclipse.sisu.inject-0.3.5.jar
2024-05-13 20:51:39,000 [Worker-14: Launching Executing install in _Users_newuser_Desktop_capstone-vsc_backend-food-app_backend-micro-service-food-app] INFO  o.eclipse.m2e.core.internal.Bundles - 	Entry: /Users/newuser/.p2/pool/plugins/org.eclipse.m2e.maven.runtime_3.9.500.20231113-2345/jars/org.eclipse.sisu.plexus-0.3.5.jar
2024-05-13 20:51:39,001 [Worker-14: Launching Executing install in _Users_newuser_Desktop_capstone-vsc_backend-food-app_backend-micro-service-food-app] INFO  o.eclipse.m2e.core.internal.Bundles - 	Entry: /Users/newuser/.p2/pool/plugins/org.eclipse.m2e.maven.runtime_3.9.500.20231113-2345/jars/plexus-build-api-0.0.7.jar
2024-05-13 20:51:39,003 [Worker-14: Launching Executing install in _Users_newuser_Desktop_capstone-vsc_backend-food-app_backend-micro-service-food-app] INFO  o.eclipse.m2e.core.internal.Bundles - 	Entry: /Users/newuser/.p2/pool/plugins/org.eclipse.m2e.maven.runtime_3.9.500.20231113-2345/jars/plexus-cipher-2.0.jar
2024-05-13 20:51:39,003 [Worker-14: Launching Executing install in _Users_newuser_Desktop_capstone-vsc_backend-food-app_backend-micro-service-food-app] INFO  o.eclipse.m2e.core.internal.Bundles - 	Entry: /Users/newuser/.p2/pool/plugins/org.eclipse.m2e.maven.runtime_3.9.500.20231113-2345/jars/plexus-classworlds-2.7.0.jar
2024-05-13 20:51:39,004 [Worker-14: Launching Executing install in _Users_newuser_Desktop_capstone-vsc_backend-food-app_backend-micro-service-food-app] INFO  o.eclipse.m2e.core.internal.Bundles - 	Entry: /Users/newuser/.p2/pool/plugins/org.eclipse.m2e.maven.runtime_3.9.500.20231113-2345/jars/plexus-component-annotations-2.1.0.jar
2024-05-13 20:51:39,006 [Worker-14: Launching Executing install in _Users_newuser_Desktop_capstone-vsc_backend-food-app_backend-micro-service-food-app] INFO  o.eclipse.m2e.core.internal.Bundles - 	Entry: /Users/newuser/.p2/pool/plugins/org.eclipse.m2e.maven.runtime_3.9.500.20231113-2345/jars/plexus-interpolation-1.26.jar
2024-05-13 20:51:39,006 [Worker-14: Launching Executing install in _Users_newuser_Desktop_capstone-vsc_backend-food-app_backend-micro-service-food-app] INFO  o.eclipse.m2e.core.internal.Bundles - 	Entry: /Users/newuser/.p2/pool/plugins/org.eclipse.m2e.maven.runtime_3.9.500.20231113-2345/jars/plexus-sec-dispatcher-2.0.jar
2024-05-13 20:51:39,007 [Worker-14: Launching Executing install in _Users_newuser_Desktop_capstone-vsc_backend-food-app_backend-micro-service-food-app] INFO  o.eclipse.m2e.core.internal.Bundles - 	Entry: /Users/newuser/.p2/pool/plugins/org.eclipse.m2e.maven.runtime_3.9.500.20231113-2345/jars/plexus-utils-3.5.1.jar
2024-05-13 20:51:39,007 [Worker-14: Launching Executing install in _Users_newuser_Desktop_capstone-vsc_backend-food-app_backend-micro-service-food-app] INFO  o.eclipse.m2e.core.internal.Bundles - 	Entry: /Users/newuser/.p2/pool/plugins/org.eclipse.m2e.maven.runtime_3.9.500.20231113-2345/jars/wagon-file-3.5.3.jar
2024-05-13 20:51:39,008 [Worker-14: Launching Executing install in _Users_newuser_Desktop_capstone-vsc_backend-food-app_backend-micro-service-food-app] INFO  o.eclipse.m2e.core.internal.Bundles - 	Entry: /Users/newuser/.p2/pool/plugins/org.eclipse.m2e.maven.runtime_3.9.500.20231113-2345/jars/wagon-http-3.5.3.jar
2024-05-13 20:51:39,009 [Worker-14: Launching Executing install in _Users_newuser_Desktop_capstone-vsc_backend-food-app_backend-micro-service-food-app] INFO  o.eclipse.m2e.core.internal.Bundles - 	Entry: /Users/newuser/.p2/pool/plugins/org.eclipse.m2e.maven.runtime_3.9.500.20231113-2345/jars/wagon-http-shared-3.5.3.jar
2024-05-13 20:51:39,009 [Worker-14: Launching Executing install in _Users_newuser_Desktop_capstone-vsc_backend-food-app_backend-micro-service-food-app] INFO  o.eclipse.m2e.core.internal.Bundles - 	Entry: /Users/newuser/.p2/pool/plugins/org.eclipse.m2e.maven.runtime_3.9.500.20231113-2345/jars/wagon-provider-api-3.5.3.jar
2024-05-13 20:51:39,010 [Worker-14: Launching Executing install in _Users_newuser_Desktop_capstone-vsc_backend-food-app_backend-micro-service-food-app] INFO  o.eclipse.m2e.core.internal.Bundles - getClasspathEntries(Bundle=com.google.guava_32.1.3.jre [992])
2024-05-13 20:51:39,010 [Worker-14: Launching Executing install in _Users_newuser_Desktop_capstone-vsc_backend-food-app_backend-micro-service-food-app] INFO  o.eclipse.m2e.core.internal.Bundles - 	Entry: /Users/newuser/.p2/pool/plugins/com.google.guava_32.1.3.jre.jar
2024-05-13 20:51:39,010 [Worker-14: Launching Executing install in _Users_newuser_Desktop_capstone-vsc_backend-food-app_backend-micro-service-food-app] INFO  o.eclipse.m2e.core.internal.Bundles - getClasspathEntries(Bundle=slf4j.api_2.0.11 [1959])
2024-05-13 20:51:39,010 [Worker-14: Launching Executing install in _Users_newuser_Desktop_capstone-vsc_backend-food-app_backend-micro-service-food-app] INFO  o.eclipse.m2e.core.internal.Bundles - 	Entry: /Users/newuser/.p2/pool/plugins/slf4j.api_2.0.11.jar
2024-05-13 20:51:39,011 [Worker-14: Launching Executing install in _Users_newuser_Desktop_capstone-vsc_backend-food-app_backend-micro-service-food-app] INFO  o.eclipse.m2e.core.internal.Bundles - getClasspathEntries(Bundle=jakarta.inject.jakarta.inject-api_1.0.5 [1009])
2024-05-13 20:51:39,011 [Worker-14: Launching Executing install in _Users_newuser_Desktop_capstone-vsc_backend-food-app_backend-micro-service-food-app] INFO  o.eclipse.m2e.core.internal.Bundles - 	Entry: /Users/newuser/.p2/pool/plugins/jakarta.inject.jakarta.inject-api_1.0.5.jar
2024-05-13 20:51:39,011 [Worker-14: Launching Executing install in _Users_newuser_Desktop_capstone-vsc_backend-food-app_backend-micro-service-food-app] INFO  o.eclipse.m2e.core.internal.Bundles - getClasspathEntries(Bundle=jakarta.annotation-api_1.3.5 [1004])
2024-05-13 20:51:39,011 [Worker-14: Launching Executing install in _Users_newuser_Desktop_capstone-vsc_backend-food-app_backend-micro-service-food-app] INFO  o.eclipse.m2e.core.internal.Bundles - 	Entry: /Users/newuser/.p2/pool/plugins/jakarta.annotation-api_1.3.5.jar
2024-05-13 20:51:39,011 [Worker-14: Launching Executing install in _Users_newuser_Desktop_capstone-vsc_backend-food-app_backend-micro-service-food-app] INFO  o.eclipse.m2e.core.internal.Bundles - getClasspathEntries(Bundle=org.apache.commons.cli_1.6.0 [1051])
2024-05-13 20:51:39,012 [Worker-14: Launching Executing install in _Users_newuser_Desktop_capstone-vsc_backend-food-app_backend-micro-service-food-app] INFO  o.eclipse.m2e.core.internal.Bundles - 	Entry: /Users/newuser/.p2/pool/plugins/org.apache.commons.cli_1.6.0.jar
2024-05-13 20:51:39,012 [Worker-14: Launching Executing install in _Users_newuser_Desktop_capstone-vsc_backend-food-app_backend-micro-service-food-app] INFO  o.eclipse.m2e.core.internal.Bundles - getClasspathEntries(Bundle=org.apache.commons.commons-codec_1.16.0 [1055])
2024-05-13 20:51:39,012 [Worker-14: Launching Executing install in _Users_newuser_Desktop_capstone-vsc_backend-food-app_backend-micro-service-food-app] INFO  o.eclipse.m2e.core.internal.Bundles - 	Entry: /Users/newuser/.p2/pool/plugins/org.apache.commons.commons-codec_1.16.0.jar
2024-05-13 20:51:39,012 [Worker-14: Launching Executing install in _Users_newuser_Desktop_capstone-vsc_backend-food-app_backend-micro-service-food-app] INFO  o.eclipse.m2e.core.internal.Bundles - getClasspathEntries(Bundle=org.apache.commons.lang3_3.13.0 [1062])
2024-05-13 20:51:39,012 [Worker-14: Launching Executing install in _Users_newuser_Desktop_capstone-vsc_backend-food-app_backend-micro-service-food-app] INFO  o.eclipse.m2e.core.internal.Bundles - 	Entry: /Users/newuser/.p2/pool/plugins/org.apache.commons.lang3_3.13.0.jar
2024-05-13 20:51:39,013 [Worker-14: Launching Executing install in _Users_newuser_Desktop_capstone-vsc_backend-food-app_backend-micro-service-food-app] INFO  o.eclipse.m2e.core.internal.Bundles - getClasspathEntries(Bundle=com.google.guava.failureaccess_1.0.2 [993])
2024-05-13 20:51:39,013 [Worker-14: Launching Executing install in _Users_newuser_Desktop_capstone-vsc_backend-food-app_backend-micro-service-food-app] INFO  o.eclipse.m2e.core.internal.Bundles - 	Entry: /Users/newuser/.p2/pool/plugins/com.google.guava.failureaccess_1.0.2.jar
2024-05-13 20:51:39,014 [Worker-14: Launching Executing install in _Users_newuser_Desktop_capstone-vsc_backend-food-app_backend-micro-service-food-app] INFO  o.e.m.i.launch.MavenLaunchDelegate - Run build in "/Users/newuser/Desktop/capstone-vsc/backend-food-app/backend-micro-service-food-app":
2024-05-13 20:51:39,015 [Worker-14: Launching Executing install in _Users_newuser_Desktop_capstone-vsc_backend-food-app_backend-micro-service-food-app] INFO  o.e.m.i.launch.MavenLaunchDelegate -  mvn  -B -Dstyle.color=always install
2024-05-13 20:53:07,263 [Worker-16: Building] INFO  o.e.m.c.i.l.LifecycleMappingFactory - Using org.eclipse.m2e.jdt.JarLifecycleMapping lifecycle mapping for MavenProject: com.example:backend-micro-service-food-app:0.0.1-SNAPSHOT @ /Users/newuser/Desktop/capstone-vsc/backend-food-app/backend-micro-service-food-app/pom.xml.
2024-05-13 20:53:09,416 [Worker-16: Building] INFO  o.a.m.s.f.DefaultMavenResourcesFiltering - Copying 0 resource from src/main/resources to target/classes
2024-05-13 20:53:09,418 [Worker-16: Building] INFO  o.a.m.s.f.DefaultMavenResourcesFiltering - Copying 0 resource from src/main/resources to target/classes
2024-05-13 20:53:09,432 [Worker-16: Building] INFO  o.a.m.s.f.DefaultMavenResourcesFiltering - skip non existing resourceDirectory /Users/newuser/Desktop/capstone-vsc/backend-food-app/backend-micro-service-food-app/src/test/resources
2024-05-13 20:53:46,875 [Worker-2: Building] INFO  o.a.m.s.f.DefaultMavenResourcesFiltering - Copying 0 resource from src/main/resources to target/classes
2024-05-13 20:53:46,878 [Worker-2: Building] INFO  o.a.m.s.f.DefaultMavenResourcesFiltering - Copying 0 resource from src/main/resources to target/classes
2024-05-13 20:53:46,884 [Worker-2: Building] INFO  o.a.m.s.f.DefaultMavenResourcesFiltering - skip non existing resourceDirectory /Users/newuser/Desktop/capstone-vsc/backend-food-app/backend-micro-service-food-app/src/test/resources
2024-05-13 20:54:03,058 [Worker-16: Launching Executing install in _Users_newuser_Desktop_capstone-vsc_backend-food-app_backend-micro-service-food-app] INFO  o.eclipse.m2e.core.internal.Bundles - getClasspathEntries(Bundle=org.eclipse.m2e.maven.runtime_3.9.500.20231113-2345 [1600])
2024-05-13 20:54:03,059 [Worker-16: Launching Executing install in _Users_newuser_Desktop_capstone-vsc_backend-food-app_backend-micro-service-food-app] INFO  o.eclipse.m2e.core.internal.Bundles - 	Entry: /Users/newuser/.p2/pool/plugins/org.eclipse.m2e.maven.runtime_3.9.500.20231113-2345
2024-05-13 20:54:03,059 [Worker-16: Launching Executing install in _Users_newuser_Desktop_capstone-vsc_backend-food-app_backend-micro-service-food-app] INFO  o.eclipse.m2e.core.internal.Bundles - 	Entry: /Users/newuser/.p2/pool/plugins/org.eclipse.m2e.maven.runtime_3.9.500.20231113-2345/jars/aopalliance-1.0.jar
2024-05-13 20:54:03,060 [Worker-16: Launching Executing install in _Users_newuser_Desktop_capstone-vsc_backend-food-app_backend-micro-service-food-app] INFO  o.eclipse.m2e.core.internal.Bundles - 	Entry: /Users/newuser/.p2/pool/plugins/org.eclipse.m2e.maven.runtime_3.9.500.20231113-2345/jars/guice-5.1.0.jar
2024-05-13 20:54:03,060 [Worker-16: Launching Executing install in _Users_newuser_Desktop_capstone-vsc_backend-food-app_backend-micro-service-food-app] INFO  o.eclipse.m2e.core.internal.Bundles - 	Entry: /Users/newuser/.p2/pool/plugins/org.eclipse.m2e.maven.runtime_3.9.500.20231113-2345/jars/httpclient-4.5.14.jar
2024-05-13 20:54:03,060 [Worker-16: Launching Executing install in _Users_newuser_Desktop_capstone-vsc_backend-food-app_backend-micro-service-food-app] INFO  o.eclipse.m2e.core.internal.Bundles - 	Entry: /Users/newuser/.p2/pool/plugins/org.eclipse.m2e.maven.runtime_3.9.500.20231113-2345/jars/httpcore-4.4.16.jar
2024-05-13 20:54:03,061 [Worker-16: Launching Executing install in _Users_newuser_Desktop_capstone-vsc_backend-food-app_backend-micro-service-food-app] INFO  o.eclipse.m2e.core.internal.Bundles - 	Entry: /Users/newuser/.p2/pool/plugins/org.eclipse.m2e.maven.runtime_3.9.500.20231113-2345/jars/jansi-2.4.0.jar
2024-05-13 20:54:03,061 [Worker-16: Launching Executing install in _Users_newuser_Desktop_capstone-vsc_backend-food-app_backend-micro-service-food-app] INFO  o.eclipse.m2e.core.internal.Bundles - 	Entry: /Users/newuser/.p2/pool/plugins/org.eclipse.m2e.maven.runtime_3.9.500.20231113-2345/jars/jcl-over-slf4j-1.7.36.jar
2024-05-13 20:54:03,064 [Worker-16: Launching Executing install in _Users_newuser_Desktop_capstone-vsc_backend-food-app_backend-micro-service-food-app] INFO  o.eclipse.m2e.core.internal.Bundles - 	Entry: /Users/newuser/.p2/pool/plugins/org.eclipse.m2e.maven.runtime_3.9.500.20231113-2345/jars/maven-artifact-3.9.5.jar
2024-05-13 20:54:03,072 [Worker-16: Launching Executing install in _Users_newuser_Desktop_capstone-vsc_backend-food-app_backend-micro-service-food-app] INFO  o.eclipse.m2e.core.internal.Bundles - 	Entry: /Users/newuser/.p2/pool/plugins/org.eclipse.m2e.maven.runtime_3.9.500.20231113-2345/jars/maven-builder-support-3.9.5.jar
2024-05-13 20:54:03,072 [Worker-16: Launching Executing install in _Users_newuser_Desktop_capstone-vsc_backend-food-app_backend-micro-service-food-app] INFO  o.eclipse.m2e.core.internal.Bundles - 	Entry: /Users/newuser/.p2/pool/plugins/org.eclipse.m2e.maven.runtime_3.9.500.20231113-2345/jars/maven-compat-3.9.5.jar
2024-05-13 20:54:03,073 [Worker-16: Launching Executing install in _Users_newuser_Desktop_capstone-vsc_backend-food-app_backend-micro-service-food-app] INFO  o.eclipse.m2e.core.internal.Bundles - 	Entry: /Users/newuser/.p2/pool/plugins/org.eclipse.m2e.maven.runtime_3.9.500.20231113-2345/jars/maven-core-3.9.5.jar
2024-05-13 20:54:03,073 [Worker-16: Launching Executing install in _Users_newuser_Desktop_capstone-vsc_backend-food-app_backend-micro-service-food-app] INFO  o.eclipse.m2e.core.internal.Bundles - 	Entry: /Users/newuser/.p2/pool/plugins/org.eclipse.m2e.maven.runtime_3.9.500.20231113-2345/jars/maven-embedder-3.9.5.jar
2024-05-13 20:54:03,073 [Worker-16: Launching Executing install in _Users_newuser_Desktop_capstone-vsc_backend-food-app_backend-micro-service-food-app] INFO  o.eclipse.m2e.core.internal.Bundles - 	Entry: /Users/newuser/.p2/pool/plugins/org.eclipse.m2e.maven.runtime_3.9.500.20231113-2345/jars/maven-model-3.9.5.jar
2024-05-13 20:54:03,073 [Worker-16: Launching Executing install in _Users_newuser_Desktop_capstone-vsc_backend-food-app_backend-micro-service-food-app] INFO  o.eclipse.m2e.core.internal.Bundles - 	Entry: /Users/newuser/.p2/pool/plugins/org.eclipse.m2e.maven.runtime_3.9.500.20231113-2345/jars/maven-model-builder-3.9.5.jar
2024-05-13 20:54:03,074 [Worker-16: Launching Executing install in _Users_newuser_Desktop_capstone-vsc_backend-food-app_backend-micro-service-food-app] INFO  o.eclipse.m2e.core.internal.Bundles - 	Entry: /Users/newuser/.p2/pool/plugins/org.eclipse.m2e.maven.runtime_3.9.500.20231113-2345/jars/maven-plugin-api-3.9.5.jar
2024-05-13 20:54:03,074 [Worker-16: Launching Executing install in _Users_newuser_Desktop_capstone-vsc_backend-food-app_backend-micro-service-food-app] INFO  o.eclipse.m2e.core.internal.Bundles - 	Entry: /Users/newuser/.p2/pool/plugins/org.eclipse.m2e.maven.runtime_3.9.500.20231113-2345/jars/maven-repository-metadata-3.9.5.jar
2024-05-13 20:54:03,074 [Worker-16: Launching Executing install in _Users_newuser_Desktop_capstone-vsc_backend-food-app_backend-micro-service-food-app] INFO  o.eclipse.m2e.core.internal.Bundles - 	Entry: /Users/newuser/.p2/pool/plugins/org.eclipse.m2e.maven.runtime_3.9.500.20231113-2345/jars/maven-resolver-api-1.9.16.jar
2024-05-13 20:54:03,074 [Worker-16: Launching Executing install in _Users_newuser_Desktop_capstone-vsc_backend-food-app_backend-micro-service-food-app] INFO  o.eclipse.m2e.core.internal.Bundles - 	Entry: /Users/newuser/.p2/pool/plugins/org.eclipse.m2e.maven.runtime_3.9.500.20231113-2345/jars/maven-resolver-connector-basic-1.9.16.jar
2024-05-13 20:54:03,074 [Worker-16: Launching Executing install in _Users_newuser_Desktop_capstone-vsc_backend-food-app_backend-micro-service-food-app] INFO  o.eclipse.m2e.core.internal.Bundles - 	Entry: /Users/newuser/.p2/pool/plugins/org.eclipse.m2e.maven.runtime_3.9.500.20231113-2345/jars/maven-resolver-impl-1.9.16.jar
2024-05-13 20:54:03,074 [Worker-16: Launching Executing install in _Users_newuser_Desktop_capstone-vsc_backend-food-app_backend-micro-service-food-app] INFO  o.eclipse.m2e.core.internal.Bundles - 	Entry: /Users/newuser/.p2/pool/plugins/org.eclipse.m2e.maven.runtime_3.9.500.20231113-2345/jars/maven-resolver-named-locks-1.9.16.jar
2024-05-13 20:54:03,074 [Worker-16: Launching Executing install in _Users_newuser_Desktop_capstone-vsc_backend-food-app_backend-micro-service-food-app] INFO  o.eclipse.m2e.core.internal.Bundles - 	Entry: /Users/newuser/.p2/pool/plugins/org.eclipse.m2e.maven.runtime_3.9.500.20231113-2345/jars/maven-resolver-provider-3.9.5.jar
2024-05-13 20:54:03,074 [Worker-16: Launching Executing install in _Users_newuser_Desktop_capstone-vsc_backend-food-app_backend-micro-service-food-app] INFO  o.eclipse.m2e.core.internal.Bundles - 	Entry: /Users/newuser/.p2/pool/plugins/org.eclipse.m2e.maven.runtime_3.9.500.20231113-2345/jars/maven-resolver-spi-1.9.16.jar
2024-05-13 20:54:03,074 [Worker-16: Launching Executing install in _Users_newuser_Desktop_capstone-vsc_backend-food-app_backend-micro-service-food-app] INFO  o.eclipse.m2e.core.internal.Bundles - 	Entry: /Users/newuser/.p2/pool/plugins/org.eclipse.m2e.maven.runtime_3.9.500.20231113-2345/jars/maven-resolver-transport-file-1.9.16.jar
2024-05-13 20:54:03,075 [Worker-16: Launching Executing install in _Users_newuser_Desktop_capstone-vsc_backend-food-app_backend-micro-service-food-app] INFO  o.eclipse.m2e.core.internal.Bundles - 	Entry: /Users/newuser/.p2/pool/plugins/org.eclipse.m2e.maven.runtime_3.9.500.20231113-2345/jars/maven-resolver-transport-http-1.9.16.jar
2024-05-13 20:54:03,075 [Worker-16: Launching Executing install in _Users_newuser_Desktop_capstone-vsc_backend-food-app_backend-micro-service-food-app] INFO  o.eclipse.m2e.core.internal.Bundles - 	Entry: /Users/newuser/.p2/pool/plugins/org.eclipse.m2e.maven.runtime_3.9.500.20231113-2345/jars/maven-resolver-transport-wagon-1.9.16.jar
2024-05-13 20:54:03,075 [Worker-16: Launching Executing install in _Users_newuser_Desktop_capstone-vsc_backend-food-app_backend-micro-service-food-app] INFO  o.eclipse.m2e.core.internal.Bundles - 	Entry: /Users/newuser/.p2/pool/plugins/org.eclipse.m2e.maven.runtime_3.9.500.20231113-2345/jars/maven-resolver-util-1.9.16.jar
2024-05-13 20:54:03,076 [Worker-16: Launching Executing install in _Users_newuser_Desktop_capstone-vsc_backend-food-app_backend-micro-service-food-app] INFO  o.eclipse.m2e.core.internal.Bundles - 	Entry: /Users/newuser/.p2/pool/plugins/org.eclipse.m2e.maven.runtime_3.9.500.20231113-2345/jars/maven-settings-3.9.5.jar
2024-05-13 20:54:03,077 [Worker-16: Launching Executing install in _Users_newuser_Desktop_capstone-vsc_backend-food-app_backend-micro-service-food-app] INFO  o.eclipse.m2e.core.internal.Bundles - 	Entry: /Users/newuser/.p2/pool/plugins/org.eclipse.m2e.maven.runtime_3.9.500.20231113-2345/jars/maven-settings-builder-3.9.5.jar
2024-05-13 20:54:03,077 [Worker-16: Launching Executing install in _Users_newuser_Desktop_capstone-vsc_backend-food-app_backend-micro-service-food-app] INFO  o.eclipse.m2e.core.internal.Bundles - 	Entry: /Users/newuser/.p2/pool/plugins/org.eclipse.m2e.maven.runtime_3.9.500.20231113-2345/jars/maven-shared-utils-3.3.4.jar
2024-05-13 20:54:03,078 [Worker-16: Launching Executing install in _Users_newuser_Desktop_capstone-vsc_backend-food-app_backend-micro-service-food-app] INFO  o.eclipse.m2e.core.internal.Bundles - 	Entry: /Users/newuser/.p2/pool/plugins/org.eclipse.m2e.maven.runtime_3.9.500.20231113-2345/jars/org.eclipse.sisu.inject-0.3.5.jar
2024-05-13 20:54:03,078 [Worker-16: Launching Executing install in _Users_newuser_Desktop_capstone-vsc_backend-food-app_backend-micro-service-food-app] INFO  o.eclipse.m2e.core.internal.Bundles - 	Entry: /Users/newuser/.p2/pool/plugins/org.eclipse.m2e.maven.runtime_3.9.500.20231113-2345/jars/org.eclipse.sisu.plexus-0.3.5.jar
2024-05-13 20:54:03,078 [Worker-16: Launching Executing install in _Users_newuser_Desktop_capstone-vsc_backend-food-app_backend-micro-service-food-app] INFO  o.eclipse.m2e.core.internal.Bundles - 	Entry: /Users/newuser/.p2/pool/plugins/org.eclipse.m2e.maven.runtime_3.9.500.20231113-2345/jars/plexus-build-api-0.0.7.jar
2024-05-13 20:54:03,078 [Worker-16: Launching Executing install in _Users_newuser_Desktop_capstone-vsc_backend-food-app_backend-micro-service-food-app] INFO  o.eclipse.m2e.core.internal.Bundles - 	Entry: /Users/newuser/.p2/pool/plugins/org.eclipse.m2e.maven.runtime_3.9.500.20231113-2345/jars/plexus-cipher-2.0.jar
2024-05-13 20:54:03,078 [Worker-16: Launching Executing install in _Users_newuser_Desktop_capstone-vsc_backend-food-app_backend-micro-service-food-app] INFO  o.eclipse.m2e.core.internal.Bundles - 	Entry: /Users/newuser/.p2/pool/plugins/org.eclipse.m2e.maven.runtime_3.9.500.20231113-2345/jars/plexus-classworlds-2.7.0.jar
2024-05-13 20:54:03,078 [Worker-16: Launching Executing install in _Users_newuser_Desktop_capstone-vsc_backend-food-app_backend-micro-service-food-app] INFO  o.eclipse.m2e.core.internal.Bundles - 	Entry: /Users/newuser/.p2/pool/plugins/org.eclipse.m2e.maven.runtime_3.9.500.20231113-2345/jars/plexus-component-annotations-2.1.0.jar
2024-05-13 20:54:03,078 [Worker-16: Launching Executing install in _Users_newuser_Desktop_capstone-vsc_backend-food-app_backend-micro-service-food-app] INFO  o.eclipse.m2e.core.internal.Bundles - 	Entry: /Users/newuser/.p2/pool/plugins/org.eclipse.m2e.maven.runtime_3.9.500.20231113-2345/jars/plexus-interpolation-1.26.jar
2024-05-13 20:54:03,079 [Worker-16: Launching Executing install in _Users_newuser_Desktop_capstone-vsc_backend-food-app_backend-micro-service-food-app] INFO  o.eclipse.m2e.core.internal.Bundles - 	Entry: /Users/newuser/.p2/pool/plugins/org.eclipse.m2e.maven.runtime_3.9.500.20231113-2345/jars/plexus-sec-dispatcher-2.0.jar
2024-05-13 20:54:03,079 [Worker-16: Launching Executing install in _Users_newuser_Desktop_capstone-vsc_backend-food-app_backend-micro-service-food-app] INFO  o.eclipse.m2e.core.internal.Bundles - 	Entry: /Users/newuser/.p2/pool/plugins/org.eclipse.m2e.maven.runtime_3.9.500.20231113-2345/jars/plexus-utils-3.5.1.jar
2024-05-13 20:54:03,079 [Worker-16: Launching Executing install in _Users_newuser_Desktop_capstone-vsc_backend-food-app_backend-micro-service-food-app] INFO  o.eclipse.m2e.core.internal.Bundles - 	Entry: /Users/newuser/.p2/pool/plugins/org.eclipse.m2e.maven.runtime_3.9.500.20231113-2345/jars/wagon-file-3.5.3.jar
2024-05-13 20:54:03,079 [Worker-16: Launching Executing install in _Users_newuser_Desktop_capstone-vsc_backend-food-app_backend-micro-service-food-app] INFO  o.eclipse.m2e.core.internal.Bundles - 	Entry: /Users/newuser/.p2/pool/plugins/org.eclipse.m2e.maven.runtime_3.9.500.20231113-2345/jars/wagon-http-3.5.3.jar
2024-05-13 20:54:03,079 [Worker-16: Launching Executing install in _Users_newuser_Desktop_capstone-vsc_backend-food-app_backend-micro-service-food-app] INFO  o.eclipse.m2e.core.internal.Bundles - 	Entry: /Users/newuser/.p2/pool/plugins/org.eclipse.m2e.maven.runtime_3.9.500.20231113-2345/jars/wagon-http-shared-3.5.3.jar
2024-05-13 20:54:03,079 [Worker-16: Launching Executing install in _Users_newuser_Desktop_capstone-vsc_backend-food-app_backend-micro-service-food-app] INFO  o.eclipse.m2e.core.internal.Bundles - 	Entry: /Users/newuser/.p2/pool/plugins/org.eclipse.m2e.maven.runtime_3.9.500.20231113-2345/jars/wagon-provider-api-3.5.3.jar
2024-05-13 20:54:03,080 [Worker-16: Launching Executing install in _Users_newuser_Desktop_capstone-vsc_backend-food-app_backend-micro-service-food-app] INFO  o.eclipse.m2e.core.internal.Bundles - getClasspathEntries(Bundle=com.google.guava_32.1.3.jre [992])
2024-05-13 20:54:03,080 [Worker-16: Launching Executing install in _Users_newuser_Desktop_capstone-vsc_backend-food-app_backend-micro-service-food-app] INFO  o.eclipse.m2e.core.internal.Bundles - 	Entry: /Users/newuser/.p2/pool/plugins/com.google.guava_32.1.3.jre.jar
2024-05-13 20:54:03,080 [Worker-16: Launching Executing install in _Users_newuser_Desktop_capstone-vsc_backend-food-app_backend-micro-service-food-app] INFO  o.eclipse.m2e.core.internal.Bundles - getClasspathEntries(Bundle=slf4j.api_2.0.11 [1959])
2024-05-13 20:54:03,080 [Worker-16: Launching Executing install in _Users_newuser_Desktop_capstone-vsc_backend-food-app_backend-micro-service-food-app] INFO  o.eclipse.m2e.core.internal.Bundles - 	Entry: /Users/newuser/.p2/pool/plugins/slf4j.api_2.0.11.jar
2024-05-13 20:54:03,080 [Worker-16: Launching Executing install in _Users_newuser_Desktop_capstone-vsc_backend-food-app_backend-micro-service-food-app] INFO  o.eclipse.m2e.core.internal.Bundles - getClasspathEntries(Bundle=jakarta.inject.jakarta.inject-api_1.0.5 [1009])
2024-05-13 20:54:03,081 [Worker-16: Launching Executing install in _Users_newuser_Desktop_capstone-vsc_backend-food-app_backend-micro-service-food-app] INFO  o.eclipse.m2e.core.internal.Bundles - 	Entry: /Users/newuser/.p2/pool/plugins/jakarta.inject.jakarta.inject-api_1.0.5.jar
2024-05-13 20:54:03,081 [Worker-16: Launching Executing install in _Users_newuser_Desktop_capstone-vsc_backend-food-app_backend-micro-service-food-app] INFO  o.eclipse.m2e.core.internal.Bundles - getClasspathEntries(Bundle=jakarta.annotation-api_1.3.5 [1004])
2024-05-13 20:54:03,081 [Worker-16: Launching Executing install in _Users_newuser_Desktop_capstone-vsc_backend-food-app_backend-micro-service-food-app] INFO  o.eclipse.m2e.core.internal.Bundles - 	Entry: /Users/newuser/.p2/pool/plugins/jakarta.annotation-api_1.3.5.jar
2024-05-13 20:54:03,081 [Worker-16: Launching Executing install in _Users_newuser_Desktop_capstone-vsc_backend-food-app_backend-micro-service-food-app] INFO  o.eclipse.m2e.core.internal.Bundles - getClasspathEntries(Bundle=org.apache.commons.cli_1.6.0 [1051])
2024-05-13 20:54:03,082 [Worker-16: Launching Executing install in _Users_newuser_Desktop_capstone-vsc_backend-food-app_backend-micro-service-food-app] INFO  o.eclipse.m2e.core.internal.Bundles - 	Entry: /Users/newuser/.p2/pool/plugins/org.apache.commons.cli_1.6.0.jar
2024-05-13 20:54:03,083 [Worker-16: Launching Executing install in _Users_newuser_Desktop_capstone-vsc_backend-food-app_backend-micro-service-food-app] INFO  o.eclipse.m2e.core.internal.Bundles - getClasspathEntries(Bundle=org.apache.commons.commons-codec_1.16.0 [1055])
2024-05-13 20:54:03,083 [Worker-16: Launching Executing install in _Users_newuser_Desktop_capstone-vsc_backend-food-app_backend-micro-service-food-app] INFO  o.eclipse.m2e.core.internal.Bundles - 	Entry: /Users/newuser/.p2/pool/plugins/org.apache.commons.commons-codec_1.16.0.jar
2024-05-13 20:54:03,083 [Worker-16: Launching Executing install in _Users_newuser_Desktop_capstone-vsc_backend-food-app_backend-micro-service-food-app] INFO  o.eclipse.m2e.core.internal.Bundles - getClasspathEntries(Bundle=org.apache.commons.lang3_3.13.0 [1062])
2024-05-13 20:54:03,083 [Worker-16: Launching Executing install in _Users_newuser_Desktop_capstone-vsc_backend-food-app_backend-micro-service-food-app] INFO  o.eclipse.m2e.core.internal.Bundles - 	Entry: /Users/newuser/.p2/pool/plugins/org.apache.commons.lang3_3.13.0.jar
2024-05-13 20:54:03,083 [Worker-16: Launching Executing install in _Users_newuser_Desktop_capstone-vsc_backend-food-app_backend-micro-service-food-app] INFO  o.eclipse.m2e.core.internal.Bundles - getClasspathEntries(Bundle=com.google.guava.failureaccess_1.0.2 [993])
2024-05-13 20:54:03,083 [Worker-16: Launching Executing install in _Users_newuser_Desktop_capstone-vsc_backend-food-app_backend-micro-service-food-app] INFO  o.eclipse.m2e.core.internal.Bundles - 	Entry: /Users/newuser/.p2/pool/plugins/com.google.guava.failureaccess_1.0.2.jar
2024-05-13 20:54:03,086 [Worker-16: Launching Executing install in _Users_newuser_Desktop_capstone-vsc_backend-food-app_backend-micro-service-food-app] INFO  o.e.m.i.launch.MavenLaunchDelegate - Run build in "/Users/newuser/Desktop/capstone-vsc/backend-food-app/backend-micro-service-food-app":
2024-05-13 20:54:03,087 [Worker-16: Launching Executing install in _Users_newuser_Desktop_capstone-vsc_backend-food-app_backend-micro-service-food-app] INFO  o.e.m.i.launch.MavenLaunchDelegate -  mvn  -B -Dstyle.color=always install
